<?xml version="1.0" encoding="utf-8"?>
<TestRun id="150bd88f-9731-4bd6-89bd-5a7b558cce5c" name="Moroz@SA 2026-09-09 15:44:44" runUser="SA\Moroz" xmlns="http://microsoft.com/schemas/VisualStudio/TeamTest/2010">
  <Times creation="2026-09-09T15:44:44.3503024+05:00" queuing="2026-09-09T15:44:44.3503028+05:00" start="2026-09-09T15:44:41.2833446+05:00" finish="2026-09-09T15:44:59.7342611+05:00" />
  <TestSettings name="default" id="48a1a35e-f299-43f1-be2a-47dbc2c5aac8">
    <Deployment runDeploymentRoot="Moroz_SA_2026-09-09_15_44_44" />
  </TestSettings>
  <Results>
    <UnitTestResult executionId="8c50d897-e4c3-471f-b9dd-e3507df41b98" testId="c3539edf-731b-2e79-bbfa-87f83f58f284" testName="Nyxveil.ControlPlane.UnitTests.NodeCentralManagementTests.TestAdminMaintenanceIsReturnedToNodeConfig" computerName="SA" duration="00:00:00.0071186" startTime="2026-09-09T15:44:52.6995889+05:00" endTime="2026-09-09T15:44:52.7064396+05:00" testType="13cdc9d9-ddb5-4fa4-a97d-d965ccfc6d4b" outcome="Passed" testListId="8c84fa94-04c1-424b-9868-57a2d4851a1d" relativeResultsDirectory="8c50d897-e4c3-471f-b9dd-e3507df41b98" />
    <UnitTestResult executionId="6663a95f-75d4-4f66-a929-819fedc42171" testId="6a050636-8970-f4f7-ed54-aa8a3ff9f0ff" testName="Nyxveil.ControlPlane.UnitTests.ControlPlaneServiceTests.TestTicketRefreshNeverWidens" computerName="SA" duration="00:00:00.0242269" startTime="2026-09-09T15:44:56.4169695+05:00" endTime="2026-09-09T15:44:56.4399391+05:00" testType="13cdc9d9-ddb5-4fa4-a97d-d965ccfc6d4b" outcome="Passed" testListId="8c84fa94-04c1-424b-9868-57a2d4851a1d" relativeResultsDirectory="6663a95f-75d4-4f66-a929-819fedc42171" />
    <UnitTestResult executionId="4731dc21-3cc8-4d68-8773-f4c60a6d6f99" testId="c63cea5e-75eb-6016-1407-3b0dcba7ce44" testName="Nyxveil.ControlPlane.UnitTests.FrozenCoreInteropTests.TestCatalogTicketRechecksCurrentLicense(state: &quot;expired&quot;)" computerName="SA" duration="00:00:00.0146854" startTime="2026-09-09T15:44:50.5808640+05:00" endTime="2026-09-09T15:44:50.5956075+05:00" testType="13cdc9d9-ddb5-4fa4-a97d-d965ccfc6d4b" outcome="Passed" testListId="8c84fa94-04c1-424b-9868-57a2d4851a1d" relativeResultsDirectory="4731dc21-3cc8-4d68-8773-f4c60a6d6f99" />
    <UnitTestResult executionId="edcdb961-2c43-4800-b35c-4c7aef2c95a9" testId="541ac31e-22a4-d143-6c28-a86f6e015fc7" testName="Nyxveil.ControlPlane.UnitTests.PreDeployGateTests.TestSqlAuthSelfTestUsesSqlAuthentication" computerName="SA" duration="00:00:00.0030783" startTime="2026-09-09T15:44:57.9166467+05:00" endTime="2026-09-09T15:44:57.9188370+05:00" testType="13cdc9d9-ddb5-4fa4-a97d-d965ccfc6d4b" outcome="Passed" testListId="8c84fa94-04c1-424b-9868-57a2d4851a1d" relativeResultsDirectory="edcdb961-2c43-4800-b35c-4c7aef2c95a9" />
    <UnitTestResult executionId="10c0eb41-d5e2-458e-8b56-5294bd305318" testId="c7490fae-262d-db35-6b8b-51a242cfbbd5" testName="Nyxveil.ControlPlane.UnitTests.FrozenCoreInteropTests.TestLocationCodeIsNotEmittedAsTicketSecurityScope" computerName="SA" duration="00:00:00.0168628" startTime="2026-09-09T15:44:50.7753231+05:00" endTime="2026-09-09T15:44:50.7918925+05:00" testType="13cdc9d9-ddb5-4fa4-a97d-d965ccfc6d4b" outcome="Passed" testListId="8c84fa94-04c1-424b-9868-57a2d4851a1d" relativeResultsDirectory="10c0eb41-d5e2-458e-8b56-5294bd305318" />
    <UnitTestResult executionId="e6b11e05-4e7a-41b0-a1ee-e112f9f52946" testId="71180875-833e-8c9e-59f1-74b208b5414f" testName="Nyxveil.ControlPlane.UnitTests.TicketScopeCalculatorTests.TestTicketRefreshLicenseDowngrade" computerName="SA" duration="00:00:00.0003902" startTime="2026-09-09T15:44:56.4553798+05:00" endTime="2026-09-09T15:44:56.4555056+05:00" testType="13cdc9d9-ddb5-4fa4-a97d-d965ccfc6d4b" outcome="Passed" testListId="8c84fa94-04c1-424b-9868-57a2d4851a1d" relativeResultsDirectory="e6b11e05-4e7a-41b0-a1ee-e112f9f52946" />
    <UnitTestResult executionId="e233d206-e6bd-4b2b-ae5c-bd2746d92e1b" testId="f2891cb1-4e3d-19bd-9f2d-39ebd8f62235" testName="Nyxveil.ControlPlane.UnitTests.NodeVersionEvaluatorTests.Evaluate_Matrix(installed: &quot;1.1.6&quot;, latest: &quot;1.1.9&quot;, min: &quot;1.1.7&quot;, expected: Unsupported)" computerName="SA" duration="00:00:00.0001396" startTime="2026-09-09T15:44:49.2455341+05:00" endTime="2026-09-09T15:44:49.2456716+05:00" testType="13cdc9d9-ddb5-4fa4-a97d-d965ccfc6d4b" outcome="Passed" testListId="8c84fa94-04c1-424b-9868-57a2d4851a1d" relativeResultsDirectory="e233d206-e6bd-4b2b-ae5c-bd2746d92e1b" />
    <UnitTestResult executionId="6de9cb66-09d2-4233-8ca1-f3cc52409ce4" testId="2a85c744-5ab0-f2eb-d51c-9a56803f9f2a" testName="Nyxveil.ControlPlane.UnitTests.PreDeployGateTests.TestDatabaseNameValidation(name: &quot;has space&quot;, expected: False)" computerName="SA" duration="00:00:00.0000096" startTime="2026-09-09T15:44:56.4918336+05:00" endTime="2026-09-09T15:44:56.4919564+05:00" testType="13cdc9d9-ddb5-4fa4-a97d-d965ccfc6d4b" outcome="Passed" testListId="8c84fa94-04c1-424b-9868-57a2d4851a1d" relativeResultsDirectory="6de9cb66-09d2-4233-8ca1-f3cc52409ce4" />
    <UnitTestResult executionId="a4fed10a-3640-434a-85f7-42f1e4649d18" testId="7c8408fb-e459-22f4-dc24-da1339245e53" testName="Nyxveil.ControlPlane.UnitTests.MigrationDeployHardeningTests.TestProductionDeployDoesNotDefaultToObsoleteMigration002" computerName="SA" duration="00:00:00.0052630" startTime="2026-09-09T15:44:49.9830154+05:00" endTime="2026-09-09T15:44:49.9879288+05:00" testType="13cdc9d9-ddb5-4fa4-a97d-d965ccfc6d4b" outcome="Passed" testListId="8c84fa94-04c1-424b-9868-57a2d4851a1d" relativeResultsDirectory="a4fed10a-3640-434a-85f7-42f1e4649d18" />
    <UnitTestResult executionId="1807cd2a-94be-4789-90f6-6b4e7326ca29" testId="38db5d1e-017c-5d66-b970-1402dcff5106" testName="Nyxveil.ControlPlane.UnitTests.ConcurrencyGuardTests.TestCoreNodeTokenReplayRejected" computerName="SA" duration="00:00:00.0096113" startTime="2026-09-09T15:44:56.4541084+05:00" endTime="2026-09-09T15:44:56.4639128+05:00" testType="13cdc9d9-ddb5-4fa4-a97d-d965ccfc6d4b" outcome="Passed" testListId="8c84fa94-04c1-424b-9868-57a2d4851a1d" relativeResultsDirectory="1807cd2a-94be-4789-90f6-6b4e7326ca29" />
    <UnitTestResult executionId="2d7a0573-d0e3-4c99-8200-53b880b5f145" testId="2bbd7763-2b8d-7ce3-f1ca-90cfc4221ca6" testName="Nyxveil.ControlPlane.UnitTests.CatalogCanonicalCrossLanguageTests.GoFloatFormatting_MatchesFrozenCore(value: 1E+21, expected: &quot;1e+21&quot;)" computerName="SA" duration="00:00:00.0000086" startTime="2026-09-09T15:44:54.7073585+05:00" endTime="2026-09-09T15:44:54.7074732+05:00" testType="13cdc9d9-ddb5-4fa4-a97d-d965ccfc6d4b" outcome="Passed" testListId="8c84fa94-04c1-424b-9868-57a2d4851a1d" relativeResultsDirectory="2d7a0573-d0e3-4c99-8200-53b880b5f145" />
    <UnitTestResult executionId="44a0f51e-d4cd-4b66-8a5d-e102b1c66030" testId="0d792a93-c919-50a1-5a03-d63d7ef2c003" testName="Nyxveil.ControlPlane.UnitTests.NodeCommandUpdateDrainTests.PartialSnapshotCannotRestoreDefaults" computerName="SA" duration="00:00:00.0044453" startTime="2026-09-09T15:44:55.3737738+05:00" endTime="2026-09-09T15:44:55.3784160+05:00" testType="13cdc9d9-ddb5-4fa4-a97d-d965ccfc6d4b" outcome="Passed" testListId="8c84fa94-04c1-424b-9868-57a2d4851a1d" relativeResultsDirectory="44a0f51e-d4cd-4b66-8a5d-e102b1c66030" />
    <UnitTestResult executionId="446b77f6-dfa1-448e-b13a-67a953b40fe1" testId="b6d54c04-7ddf-c79f-81a8-308dba054ceb" testName="Nyxveil.ControlPlane.UnitTests.ConcurrencyGuardTests.TestCoreNodeTokenLooksLikeRejectsLegacyBearer" computerName="SA" duration="00:00:00.0025279" startTime="2026-09-09T15:44:56.4697260+05:00" endTime="2026-09-09T15:44:56.4719734+05:00" testType="13cdc9d9-ddb5-4fa4-a97d-d965ccfc6d4b" outcome="Passed" testListId="8c84fa94-04c1-424b-9868-57a2d4851a1d" relativeResultsDirectory="446b77f6-dfa1-448e-b13a-67a953b40fe1" />
    <UnitTestResult executionId="7345b3ea-f59b-45c4-849f-cb5f181744ec" testId="6cb88a15-5d0c-905a-cf8f-d0c3a9681d93" testName="Nyxveil.ControlPlane.UnitTests.NodeCommandLocationSafetyTests.LastHealthyNode_UpdateBlocked" computerName="SA" duration="00:00:00.0099867" startTime="2026-09-09T15:44:50.2157648+05:00" endTime="2026-09-09T15:44:50.2252447+05:00" testType="13cdc9d9-ddb5-4fa4-a97d-d965ccfc6d4b" outcome="Passed" testListId="8c84fa94-04c1-424b-9868-57a2d4851a1d" relativeResultsDirectory="7345b3ea-f59b-45c4-849f-cb5f181744ec" />
    <UnitTestResult executionId="0401ccff-7454-42f1-b139-e0bdfb3ac956" testId="ae9d4d5a-b897-6787-f7eb-e8fa5f545ddf" testName="Nyxveil.ControlPlane.UnitTests.FrozenCoreInteropTests.TestTicketIssueAcceptsFrozenCoreCatalogLocationId" computerName="SA" duration="00:00:00.0108824" startTime="2026-09-09T15:44:51.4952432+05:00" endTime="2026-09-09T15:44:51.5058264+05:00" testType="13cdc9d9-ddb5-4fa4-a97d-d965ccfc6d4b" outcome="Passed" testListId="8c84fa94-04c1-424b-9868-57a2d4851a1d" relativeResultsDirectory="0401ccff-7454-42f1-b139-e0bdfb3ac956" />
    <UnitTestResult executionId="38c75184-7ed2-43cb-af12-3e598f7f30c5" testId="1417c8b3-ddb9-14d4-3f20-a98191222e85" testName="Nyxveil.ControlPlane.UnitTests.NodeCentralManagementTests.TestDisabledNodeNotConnectable" computerName="SA" duration="00:00:00.0178780" startTime="2026-09-09T15:44:52.7956955+05:00" endTime="2026-09-09T15:44:52.8134408+05:00" testType="13cdc9d9-ddb5-4fa4-a97d-d965ccfc6d4b" outcome="Passed" testListId="8c84fa94-04c1-424b-9868-57a2d4851a1d" relativeResultsDirectory="38c75184-7ed2-43cb-af12-3e598f7f30c5" />
    <UnitTestResult executionId="28d8d9ea-909a-4f9a-af93-b7d57e639b94" testId="725781bf-df56-b43e-9fd2-c2bbf4d72f30" testName="Nyxveil.ControlPlane.UnitTests.FrozenCoreInteropTests.TestWrongProtocolRejected" computerName="SA" duration="00:00:00.0094723" startTime="2026-09-09T15:44:50.8905256+05:00" endTime="2026-09-09T15:44:50.8997027+05:00" testType="13cdc9d9-ddb5-4fa4-a97d-d965ccfc6d4b" outcome="Passed" testListId="8c84fa94-04c1-424b-9868-57a2d4851a1d" relativeResultsDirectory="28d8d9ea-909a-4f9a-af93-b7d57e639b94" />
    <UnitTestResult executionId="16b4e637-7ece-4260-8fe2-636c083cd199" testId="31ecb893-0a19-e366-a4a4-69c153f530d4" testName="Nyxveil.ControlPlane.UnitTests.NodeLifecycleTests.LocationDeleteBlockedByNonDeletedNode" computerName="SA" duration="00:00:00.0283953" startTime="2026-09-09T15:44:48.5240708+05:00" endTime="2026-09-09T15:44:48.5521056+05:00" testType="13cdc9d9-ddb5-4fa4-a97d-d965ccfc6d4b" outcome="Passed" testListId="8c84fa94-04c1-424b-9868-57a2d4851a1d" relativeResultsDirectory="16b4e637-7ece-4260-8fe2-636c083cd199" />
    <UnitTestResult executionId="0258f3ab-584d-48fb-a801-724d372df3ec" testId="d37bfe61-c3a6-1f71-ef86-b620234166b6" testName="Nyxveil.ControlPlane.UnitTests.NodeCommandLocationSafetyTests.TwoHealthySiblings_UpdateOneAllowed" computerName="SA" duration="00:00:00.0284852" startTime="2026-09-09T15:44:50.1171086+05:00" endTime="2026-09-09T15:44:50.1441511+05:00" testType="13cdc9d9-ddb5-4fa4-a97d-d965ccfc6d4b" outcome="Passed" testListId="8c84fa94-04c1-424b-9868-57a2d4851a1d" relativeResultsDirectory="0258f3ab-584d-48fb-a801-724d372df3ec" />
    <UnitTestResult executionId="d957f9e1-b383-421c-b1e3-7be124a65707" testId="885ffc26-cf02-90ac-34a8-bacae3a0b0f3" testName="Nyxveil.ControlPlane.UnitTests.DashboardQueryServiceTests.GetSummaryAsync_UsesIsolatedFactoryContext_AndCompletes" computerName="SA" duration="00:00:00.0164557" startTime="2026-09-09T15:44:49.3782867+05:00" endTime="2026-09-09T15:44:49.3919077+05:00" testType="13cdc9d9-ddb5-4fa4-a97d-d965ccfc6d4b" outcome="Passed" testListId="8c84fa94-04c1-424b-9868-57a2d4851a1d" relativeResultsDirectory="d957f9e1-b383-421c-b1e3-7be124a65707" />
    <UnitTestResult executionId="3e2e2ff6-c8a1-43fc-b54f-02567acc69e6" testId="7bf9ec36-0ab4-1bf9-2cac-3de9930ba725" testName="Nyxveil.ControlPlane.UnitTests.NodeReregisterCatalogTests.TestExistingNodeRegistrationUpdatesServerVersion" computerName="SA" duration="00:00:00.0339989" startTime="2026-09-09T15:44:56.7464338+05:00" endTime="2026-09-09T15:44:56.7801780+05:00" testType="13cdc9d9-ddb5-4fa4-a97d-d965ccfc6d4b" outcome="Passed" testListId="8c84fa94-04c1-424b-9868-57a2d4851a1d" relativeResultsDirectory="3e2e2ff6-c8a1-43fc-b54f-02567acc69e6" />
    <UnitTestResult executionId="3d2893f3-0358-4508-a8f2-49da5b2f3393" testId="6db61e69-fcc4-c828-2698-8c53c479f002" testName="Nyxveil.ControlPlane.UnitTests.PortValidationTests.Installer_default_suggestion_is_8443_not_required" computerName="SA" duration="00:00:00.0060114" startTime="2026-09-09T15:44:46.1973091+05:00" endTime="2026-09-09T15:44:46.1974445+05:00" testType="13cdc9d9-ddb5-4fa4-a97d-d965ccfc6d4b" outcome="Passed" testListId="8c84fa94-04c1-424b-9868-57a2d4851a1d" relativeResultsDirectory="3d2893f3-0358-4508-a8f2-49da5b2f3393" />
    <UnitTestResult executionId="c6946b78-f17f-40f3-98c0-eb92c6c9434c" testId="fd22c9ac-9d26-2229-8d06-0c33b1796191" testName="Nyxveil.ControlPlane.UnitTests.AdminPanelSafetyTests.DecommissionPreviewReportsSessionsEndpointsAndMetrics" computerName="SA" duration="00:00:00.0748056" startTime="2026-09-09T15:44:49.2578679+05:00" endTime="2026-09-09T15:44:49.3325857+05:00" testType="13cdc9d9-ddb5-4fa4-a97d-d965ccfc6d4b" outcome="Passed" testListId="8c84fa94-04c1-424b-9868-57a2d4851a1d" relativeResultsDirectory="c6946b78-f17f-40f3-98c0-eb92c6c9434c" />
    <UnitTestResult executionId="5b39ebbf-81c0-4d02-8c34-e6f2fc3458c2" testId="41a38515-1f27-5db4-360b-f90401e4219d" testName="Nyxveil.ControlPlane.UnitTests.DashboardExpiryTests.CertificateThresholdsAreCentralized(days: 45, expected: Healthy)" computerName="SA" duration="00:00:00.0011549" startTime="2026-09-09T15:44:55.8576986+05:00" endTime="2026-09-09T15:44:55.8586641+05:00" testType="13cdc9d9-ddb5-4fa4-a97d-d965ccfc6d4b" outcome="Passed" testListId="8c84fa94-04c1-424b-9868-57a2d4851a1d" relativeResultsDirectory="5b39ebbf-81c0-4d02-8c34-e6f2fc3458c2" />
    <UnitTestResult executionId="c8b7d261-3b8f-433f-909b-f9dcbe88775b" testId="61609116-5877-24c6-90f3-a199ab23180a" testName="Nyxveil.ControlPlane.UnitTests.FrozenCoreInteropTests.TestExpiredRejected" computerName="SA" duration="00:00:00.0087604" startTime="2026-09-09T15:44:50.4293219+05:00" endTime="2026-09-09T15:44:50.4376948+05:00" testType="13cdc9d9-ddb5-4fa4-a97d-d965ccfc6d4b" outcome="Passed" testListId="8c84fa94-04c1-424b-9868-57a2d4851a1d" relativeResultsDirectory="c8b7d261-3b8f-433f-909b-f9dcbe88775b" />
    <UnitTestResult executionId="1d778c06-0a59-429f-b227-aad155947e45" testId="07b5ef3a-4d50-f329-3117-f735baa86f44" testName="Nyxveil.ControlPlane.UnitTests.NodeCentralManagementTests.TestDrainingNodeNotConnectable" computerName="SA" duration="00:00:00.0199675" startTime="2026-09-09T15:44:52.5530082+05:00" endTime="2026-09-09T15:44:52.5718472+05:00" testType="13cdc9d9-ddb5-4fa4-a97d-d965ccfc6d4b" outcome="Passed" testListId="8c84fa94-04c1-424b-9868-57a2d4851a1d" relativeResultsDirectory="1d778c06-0a59-429f-b227-aad155947e45" />
    <UnitTestResult executionId="ab07880b-4390-4b17-8925-81403742d183" testId="36642e4a-0146-46c1-9f6a-6e80a78d6cd9" testName="Nyxveil.ControlPlane.UnitTests.CatalogCanonicalCrossLanguageTests.UnspecifiedDateTime_IsTreatedAsUtc_NotHostLocal" computerName="SA" duration="00:00:00.0004758" startTime="2026-09-09T15:44:54.7550974+05:00" endTime="2026-09-09T15:44:54.7552179+05:00" testType="13cdc9d9-ddb5-4fa4-a97d-d965ccfc6d4b" outcome="Passed" testListId="8c84fa94-04c1-424b-9868-57a2d4851a1d" relativeResultsDirectory="ab07880b-4390-4b17-8925-81403742d183" />
    <UnitTestResult executionId="c1856207-7e34-455e-a688-ff62c0eae7b9" testId="72577829-3af8-24f3-95a8-591ffb6be5a7" testName="Nyxveil.ControlPlane.UnitTests.TicketScopeCalculatorTests.Intersect_PreservesOrderOfFirstOperand" computerName="SA" duration="00:00:00.0002876" startTime="2026-09-09T15:44:56.4549481+05:00" endTime="2026-09-09T15:44:56.4550727+05:00" testType="13cdc9d9-ddb5-4fa4-a97d-d965ccfc6d4b" outcome="Passed" testListId="8c84fa94-04c1-424b-9868-57a2d4851a1d" relativeResultsDirectory="c1856207-7e34-455e-a688-ff62c0eae7b9" />
    <UnitTestResult executionId="92a0005c-d919-4cba-9faa-cca6db945ae0" testId="cde40629-2733-09dc-667a-49e18e821dbc" testName="Nyxveil.ControlPlane.UnitTests.ControlPlaneServiceTests.TestDeviceActivationIdempotent" computerName="SA" duration="00:00:00.0129782" startTime="2026-09-09T15:44:56.0237223+05:00" endTime="2026-09-09T15:44:56.0354865+05:00" testType="13cdc9d9-ddb5-4fa4-a97d-d965ccfc6d4b" outcome="Passed" testListId="8c84fa94-04c1-424b-9868-57a2d4851a1d" relativeResultsDirectory="92a0005c-d919-4cba-9faa-cca6db945ae0" />
    <UnitTestResult executionId="ac127238-b62f-4224-90a1-afbbcc078a05" testId="ce3e9a08-588e-53d1-9534-0c243e98a23a" testName="Nyxveil.ControlPlane.UnitTests.FrozenCoreInteropTests.TestDevicePublicKeyCannotBeReboundWithLicenseTokenOnly" computerName="SA" duration="00:00:00.0150155" startTime="2026-09-09T15:44:50.9402934+05:00" endTime="2026-09-09T15:44:50.9550601+05:00" testType="13cdc9d9-ddb5-4fa4-a97d-d965ccfc6d4b" outcome="Passed" testListId="8c84fa94-04c1-424b-9868-57a2d4851a1d" relativeResultsDirectory="ac127238-b62f-4224-90a1-afbbcc078a05" />
    <UnitTestResult executionId="75786995-2c4f-456d-a31f-fc682864c43d" testId="34c3000e-a4bb-e510-349d-5051b785e8ba" testName="Nyxveil.ControlPlane.UnitTests.TlsConfigureTests.TestTlsConfigureDoesNotBind443" computerName="SA" duration="00:00:00.0340439" startTime="2026-09-09T15:44:59.5693624+05:00" endTime="2026-09-09T15:44:59.6032082+05:00" testType="13cdc9d9-ddb5-4fa4-a97d-d965ccfc6d4b" outcome="Passed" testListId="8c84fa94-04c1-424b-9868-57a2d4851a1d" relativeResultsDirectory="75786995-2c4f-456d-a31f-fc682864c43d" />
    <UnitTestResult executionId="771f3707-b360-44af-aa21-9702b0345ee7" testId="1243e645-2187-11e6-6cdc-9bb2b5301157" testName="Nyxveil.ControlPlane.UnitTests.NodeReregisterCatalogTests.TestCatalogUsesTLSFQDNAsServerName" computerName="SA" duration="00:00:00.0232592" startTime="2026-09-09T15:44:56.4833346+05:00" endTime="2026-09-09T15:44:56.5031233+05:00" testType="13cdc9d9-ddb5-4fa4-a97d-d965ccfc6d4b" outcome="Passed" testListId="8c84fa94-04c1-424b-9868-57a2d4851a1d" relativeResultsDirectory="771f3707-b360-44af-aa21-9702b0345ee7" />
    <UnitTestResult executionId="67364989-2514-4a36-8c1b-63a4a5fd4688" testId="99c6ad0d-4daf-ce78-1b1a-c9a1e95fcdda" testName="Nyxveil.ControlPlane.UnitTests.NodeSpkiUpdateTests.UpdateSpki_UpdatesOnlyPin_PreservesAdminAndIdentity" computerName="SA" duration="00:00:00.1414302" startTime="2026-09-09T15:44:48.3005183+05:00" endTime="2026-09-09T15:44:48.4423850+05:00" testType="13cdc9d9-ddb5-4fa4-a97d-d965ccfc6d4b" outcome="Passed" testListId="8c84fa94-04c1-424b-9868-57a2d4851a1d" relativeResultsDirectory="67364989-2514-4a36-8c1b-63a4a5fd4688" />
    <UnitTestResult executionId="e1da4aee-f88f-4458-8fdf-09db9af2bb80" testId="add2cd66-f91d-6ef2-d9cf-f055a1025605" testName="Nyxveil.ControlPlane.UnitTests.NodeCentralManagementTests.TestHeartbeatCannotExitMaintenance" computerName="SA" duration="00:00:00.0222492" startTime="2026-09-09T15:44:52.5722578+05:00" endTime="2026-09-09T15:44:52.5943387+05:00" testType="13cdc9d9-ddb5-4fa4-a97d-d965ccfc6d4b" outcome="Passed" testListId="8c84fa94-04c1-424b-9868-57a2d4851a1d" relativeResultsDirectory="e1da4aee-f88f-4458-8fdf-09db9af2bb80" />
    <UnitTestResult executionId="1abfd7c3-4dcf-430e-a230-20a5ee6c8490" testId="297d5c85-4efd-b85b-5126-732d8b883f0d" testName="Nyxveil.ControlPlane.UnitTests.NodeVersionEvaluatorTests.Evaluate_Matrix(installed: &quot;1.1.6&quot;, latest: &quot;1.1.9&quot;, min: null, expected: UpdateAvailable)" computerName="SA" duration="00:00:00.0092762" startTime="2026-09-09T15:44:49.2304623+05:00" endTime="2026-09-09T15:44:49.2397167+05:00" testType="13cdc9d9-ddb5-4fa4-a97d-d965ccfc6d4b" outcome="Passed" testListId="8c84fa94-04c1-424b-9868-57a2d4851a1d" relativeResultsDirectory="1abfd7c3-4dcf-430e-a230-20a5ee6c8490" />
    <UnitTestResult executionId="abcb5681-a2e5-429a-8247-54d2e31ea8fa" testId="4305358c-86fd-e3e1-209e-25e17050633c" testName="Nyxveil.ControlPlane.UnitTests.NodeReregisterCatalogTests.TestSameNodeReregisterDoesNotCreateDuplicateNode" computerName="SA" duration="00:00:00.0241151" startTime="2026-09-09T15:44:56.4569720+05:00" endTime="2026-09-09T15:44:56.4797732+05:00" testType="13cdc9d9-ddb5-4fa4-a97d-d965ccfc6d4b" outcome="Passed" testListId="8c84fa94-04c1-424b-9868-57a2d4851a1d" relativeResultsDirectory="abcb5681-a2e5-429a-8247-54d2e31ea8fa" />
    <UnitTestResult executionId="65f15dda-a4c7-4119-9379-64688e8c1007" testId="f2c16201-ae32-00d8-32a2-5b70deff8f55" testName="Nyxveil.ControlPlane.UnitTests.FrozenCoreInteropTests.TestRefreshCannotElevateRoleToMaster" computerName="SA" duration="00:00:00.0261542" startTime="2026-09-09T15:44:51.0019362+05:00" endTime="2026-09-09T15:44:51.0282981+05:00" testType="13cdc9d9-ddb5-4fa4-a97d-d965ccfc6d4b" outcome="Passed" testListId="8c84fa94-04c1-424b-9868-57a2d4851a1d" relativeResultsDirectory="65f15dda-a4c7-4119-9379-64688e8c1007" />
    <UnitTestResult executionId="e459d4a6-7373-4f2b-9ddc-7262886e4e22" testId="8d5c808c-a046-35ac-4a71-5ac7d5509474" testName="Nyxveil.ControlPlane.UnitTests.NodeCentralManagementTests.TestMaintenanceNodeNotConnectableByFrozenSelector" computerName="SA" duration="00:00:00.0242181" startTime="2026-09-09T15:44:52.8409151+05:00" endTime="2026-09-09T15:44:52.8639232+05:00" testType="13cdc9d9-ddb5-4fa4-a97d-d965ccfc6d4b" outcome="Passed" testListId="8c84fa94-04c1-424b-9868-57a2d4851a1d" relativeResultsDirectory="e459d4a6-7373-4f2b-9ddc-7262886e4e22" />
    <UnitTestResult executionId="bd107ce2-352f-4d66-9d20-1cbfb3ce2476" testId="530c177e-6995-8b89-001d-77b8f85be644" testName="Nyxveil.ControlPlane.UnitTests.TlsConfigureTests.TestTlsConfigureDoesNotBindForbiddenPorts(forbidden: 443)" computerName="SA" duration="00:00:00.0412058" startTime="2026-09-09T15:44:49.3638901+05:00" endTime="2026-09-09T15:44:49.4058397+05:00" testType="13cdc9d9-ddb5-4fa4-a97d-d965ccfc6d4b" outcome="Passed" testListId="8c84fa94-04c1-424b-9868-57a2d4851a1d" relativeResultsDirectory="bd107ce2-352f-4d66-9d20-1cbfb3ce2476" />
    <UnitTestResult executionId="d4a166a2-9461-48bb-94d5-6d53b37ad332" testId="4830b9a9-3823-7b03-0fe4-2e573e070bad" testName="Nyxveil.ControlPlane.UnitTests.TlsConfigureTests.TestPublicBaseUrlExternalPort18443" computerName="SA" duration="00:00:00.0162912" startTime="2026-09-09T15:44:50.3968910+05:00" endTime="2026-09-09T15:44:50.4128896+05:00" testType="13cdc9d9-ddb5-4fa4-a97d-d965ccfc6d4b" outcome="Passed" testListId="8c84fa94-04c1-424b-9868-57a2d4851a1d" relativeResultsDirectory="d4a166a2-9461-48bb-94d5-6d53b37ad332" />
    <UnitTestResult executionId="63dbe56c-a71a-4a06-8d22-ee9872c8ad73" testId="020dba7e-ab73-3fe6-e96c-c541c9d7efdc" testName="Nyxveil.ControlPlane.UnitTests.NodeReregisterCatalogTests.TestCatalogUsesLatestNodeRegistrationMetadata" computerName="SA" duration="00:00:00.0189440" startTime="2026-09-09T15:44:56.7879330+05:00" endTime="2026-09-09T15:44:56.8066703+05:00" testType="13cdc9d9-ddb5-4fa4-a97d-d965ccfc6d4b" outcome="Passed" testListId="8c84fa94-04c1-424b-9868-57a2d4851a1d" relativeResultsDirectory="63dbe56c-a71a-4a06-8d22-ee9872c8ad73" />
    <UnitTestResult executionId="74ac1062-5bb2-4e58-a1ee-e72de26d8526" testId="ebe8d2b8-e06b-f823-6b48-aa02774daa34" testName="Nyxveil.ControlPlane.UnitTests.AdminPanelSafetyTests.DeletedNodeRejectsOrdinaryAdminMutation" computerName="SA" duration="00:00:00.0148234" startTime="2026-09-09T15:44:49.3329932+05:00" endTime="2026-09-09T15:44:49.3475287+05:00" testType="13cdc9d9-ddb5-4fa4-a97d-d965ccfc6d4b" outcome="Passed" testListId="8c84fa94-04c1-424b-9868-57a2d4851a1d" relativeResultsDirectory="74ac1062-5bb2-4e58-a1ee-e72de26d8526" />
    <UnitTestResult executionId="59c7c7ee-e1dd-4e20-b6c0-ca0f0264a7aa" testId="89556da3-7427-8974-715f-1509835c79bf" testName="Nyxveil.ControlPlane.UnitTests.SigningKeyRotationTests.Rotate_KeepsPreviousInVerificationRing" computerName="SA" duration="00:00:00.0152678" startTime="2026-09-09T15:44:49.8899296+05:00" endTime="2026-09-09T15:44:49.9048738+05:00" testType="13cdc9d9-ddb5-4fa4-a97d-d965ccfc6d4b" outcome="Passed" testListId="8c84fa94-04c1-424b-9868-57a2d4851a1d" relativeResultsDirectory="59c7c7ee-e1dd-4e20-b6c0-ca0f0264a7aa" />
    <UnitTestResult executionId="aa169321-ba6b-4d8b-856b-117c7aa8051d" testId="5e5f39d9-8fd0-8925-880b-151d7a76de00" testName="Nyxveil.ControlPlane.UnitTests.NodeCommandServiceTests.DuplicateCompleteWithDifferentOutcomeIsConflict" computerName="SA" duration="00:00:00.0179227" startTime="2026-09-09T15:44:54.8914276+05:00" endTime="2026-09-09T15:44:54.9111214+05:00" testType="13cdc9d9-ddb5-4fa4-a97d-d965ccfc6d4b" outcome="Passed" testListId="8c84fa94-04c1-424b-9868-57a2d4851a1d" relativeResultsDirectory="aa169321-ba6b-4d8b-856b-117c7aa8051d" />
    <UnitTestResult executionId="bef4dc5e-5be9-4e8a-9d88-99f79185a154" testId="cf4b684b-18eb-8b44-1174-15738689211c" testName="Nyxveil.ControlPlane.UnitTests.ControlPlaneServiceTests.TestMasterCanSeeTestNodes" computerName="SA" duration="00:00:00.0547718" startTime="2026-09-09T15:44:56.1227185+05:00" endTime="2026-09-09T15:44:56.1772756+05:00" testType="13cdc9d9-ddb5-4fa4-a97d-d965ccfc6d4b" outcome="Passed" testListId="8c84fa94-04c1-424b-9868-57a2d4851a1d" relativeResultsDirectory="bef4dc5e-5be9-4e8a-9d88-99f79185a154" />
    <UnitTestResult executionId="b696dd40-f06c-4aab-abf2-54dd974e2100" testId="3c041b1c-e666-4dd3-d8ce-cf5e6683682d" testName="Nyxveil.ControlPlane.UnitTests.NodeCommandUpdateDrainTests.ExpireBeforeDrain_PendingOnly_LeavesOriginalState" computerName="SA" duration="00:00:00.0349337" startTime="2026-09-09T15:44:55.6830620+05:00" endTime="2026-09-09T15:44:55.7177357+05:00" testType="13cdc9d9-ddb5-4fa4-a97d-d965ccfc6d4b" outcome="Passed" testListId="8c84fa94-04c1-424b-9868-57a2d4851a1d" relativeResultsDirectory="b696dd40-f06c-4aab-abf2-54dd974e2100" />
    <UnitTestResult executionId="3c560504-7ca7-44e5-bf53-8b5395e74745" testId="5a0888f1-e0c3-0a25-0656-a0b9572ee5d2" testName="Nyxveil.ControlPlane.UnitTests.ControlPlaneServiceTests.TestNodeRegistrationIdempotent" computerName="SA" duration="00:00:00.0139557" startTime="2026-09-09T15:44:55.9367279+05:00" endTime="2026-09-09T15:44:55.9504347+05:00" testType="13cdc9d9-ddb5-4fa4-a97d-d965ccfc6d4b" outcome="Passed" testListId="8c84fa94-04c1-424b-9868-57a2d4851a1d" relativeResultsDirectory="3c560504-7ca7-44e5-bf53-8b5395e74745" />
    <UnitTestResult executionId="56595b71-ff99-4b8f-8115-6a4a9348b0dd" testId="97de0798-a8a7-dca3-f679-a4d437946428" testName="Nyxveil.ControlPlane.UnitTests.ControlPlaneServiceTests.TestIssueLocationScopedTicket" computerName="SA" duration="00:00:00.0143477" startTime="2026-09-09T15:44:55.8862753+05:00" endTime="2026-09-09T15:44:55.9003930+05:00" testType="13cdc9d9-ddb5-4fa4-a97d-d965ccfc6d4b" outcome="Passed" testListId="8c84fa94-04c1-424b-9868-57a2d4851a1d" relativeResultsDirectory="56595b71-ff99-4b8f-8115-6a4a9348b0dd" />
    <UnitTestResult executionId="c91e6531-fa54-4062-b555-757e27c00abe" testId="2637ec27-10ae-3c49-fe0f-7eadf220a6f0" testName="Nyxveil.ControlPlane.UnitTests.TlsConfigureTests.TestRollbackRestoresOldHealthyService" computerName="SA" duration="00:00:00.5857158" startTime="2026-09-09T15:44:58.9834980+05:00" endTime="2026-09-09T15:44:59.5689756+05:00" testType="13cdc9d9-ddb5-4fa4-a97d-d965ccfc6d4b" outcome="Passed" testListId="8c84fa94-04c1-424b-9868-57a2d4851a1d" relativeResultsDirectory="c91e6531-fa54-4062-b555-757e27c00abe" />
    <UnitTestResult executionId="0355c56d-af2d-460f-9d97-168b0bd52a49" testId="94f24064-ae4e-d8ce-a8d0-011a93bc0c43" testName="Nyxveil.ControlPlane.UnitTests.FrozenCoreInteropTests.TestHeartbeatAndCatalogRespectZeroAdminCapacity" computerName="SA" duration="00:00:00.0597771" startTime="2026-09-09T15:44:50.6538191+05:00" endTime="2026-09-09T15:44:50.7133223+05:00" testType="13cdc9d9-ddb5-4fa4-a97d-d965ccfc6d4b" outcome="Passed" testListId="8c84fa94-04c1-424b-9868-57a2d4851a1d" relativeResultsDirectory="0355c56d-af2d-460f-9d97-168b0bd52a49" />
    <UnitTestResult executionId="4c3cc9d0-512a-425c-8d19-f96cf3546a5f" testId="48338bbd-acba-ef03-9bfe-430bb182230d" testName="Nyxveil.ControlPlane.UnitTests.NodeCentralManagementTests.TestAdminDrainingIsReturnedToNodeConfig" computerName="SA" duration="00:00:00.0120976" startTime="2026-09-09T15:44:52.6618351+05:00" endTime="2026-09-09T15:44:52.6738751+05:00" testType="13cdc9d9-ddb5-4fa4-a97d-d965ccfc6d4b" outcome="Passed" testListId="8c84fa94-04c1-424b-9868-57a2d4851a1d" relativeResultsDirectory="4c3cc9d0-512a-425c-8d19-f96cf3546a5f" />
    <UnitTestResult executionId="c6978342-f34d-4a8e-9cf5-bb452014559e" testId="2fc7b023-aa05-df97-4a6e-3ac3ff5ba327" testName="Nyxveil.ControlPlane.UnitTests.NodeCentralManagementTests.TestGetConfigReturnsAuthoritativeConfig" computerName="SA" duration="00:00:00.0140402" startTime="2026-09-09T15:44:52.7815348+05:00" endTime="2026-09-09T15:44:52.7953391+05:00" testType="13cdc9d9-ddb5-4fa4-a97d-d965ccfc6d4b" outcome="Passed" testListId="8c84fa94-04c1-424b-9868-57a2d4851a1d" relativeResultsDirectory="c6978342-f34d-4a8e-9cf5-bb452014559e" />
    <UnitTestResult executionId="921f5a54-96a7-49cf-a3f5-8442f50c4794" testId="558519ed-66ca-e353-02e6-7f0902f36566" testName="Nyxveil.ControlPlane.UnitTests.FrozenCoreInteropTests.TestFrozenCoreNodeTokenCompatibilityProofSucceeds" computerName="SA" duration="00:00:00.0212843" startTime="2026-09-09T15:44:51.0679383+05:00" endTime="2026-09-09T15:44:51.0889689+05:00" testType="13cdc9d9-ddb5-4fa4-a97d-d965ccfc6d4b" outcome="Passed" testListId="8c84fa94-04c1-424b-9868-57a2d4851a1d" relativeResultsDirectory="921f5a54-96a7-49cf-a3f5-8442f50c4794" />
    <UnitTestResult executionId="da9bc94e-fef3-4348-b8c4-164c695089a1" testId="33a7c416-e3e0-90f0-700f-18afc3efbcb2" testName="Nyxveil.ControlPlane.UnitTests.FrozenCoreInteropTests.TestTicketLocationsContainCanonicalLocationIds" computerName="SA" duration="00:00:00.0233791" startTime="2026-09-09T15:44:50.9000813+05:00" endTime="2026-09-09T15:44:50.9232106+05:00" testType="13cdc9d9-ddb5-4fa4-a97d-d965ccfc6d4b" outcome="Passed" testListId="8c84fa94-04c1-424b-9868-57a2d4851a1d" relativeResultsDirectory="da9bc94e-fef3-4348-b8c4-164c695089a1" />
    <UnitTestResult executionId="618838ca-a4e2-45d5-b602-416dd22422ce" testId="12c92cb9-90b6-a486-8504-3ee803df366c" testName="Nyxveil.ControlPlane.UnitTests.FrozenCoreInteropTests.TestRevocationSnapshotNeverDropsOlderRevocations" computerName="SA" duration="00:00:00.9442857" startTime="2026-09-09T15:44:51.5703600+05:00" endTime="2026-09-09T15:44:52.5144272+05:00" testType="13cdc9d9-ddb5-4fa4-a97d-d965ccfc6d4b" outcome="Passed" testListId="8c84fa94-04c1-424b-9868-57a2d4851a1d" relativeResultsDirectory="618838ca-a4e2-45d5-b602-416dd22422ce" />
    <UnitTestResult executionId="7ca09caf-6bb9-47f8-be84-fcf220041544" testId="09dddfec-593d-31a8-3b32-99c0c7f1b87b" testName="Nyxveil.ControlPlane.UnitTests.FrozenCoreInteropTests.TestCatalogProfilesFromTransports" computerName="SA" duration="00:00:00.0175799" startTime="2026-09-09T15:44:51.5416784+05:00" endTime="2026-09-09T15:44:51.5591342+05:00" testType="13cdc9d9-ddb5-4fa4-a97d-d965ccfc6d4b" outcome="Passed" testListId="8c84fa94-04c1-424b-9868-57a2d4851a1d" relativeResultsDirectory="7ca09caf-6bb9-47f8-be84-fcf220041544" />
    <UnitTestResult executionId="3b7708b4-eacc-4e16-9370-cb1459c99023" testId="ee17bf9a-ef29-5f05-edce-248bc14c3dc0" testName="Nyxveil.ControlPlane.UnitTests.CatalogCanonicalCrossLanguageTests.TimestampFractionalDigits_TrimLikeGoRfc3339Nano(nanos: 123000000)" computerName="SA" duration="00:00:00.0004784" startTime="2026-09-09T15:44:54.7145415+05:00" endTime="2026-09-09T15:44:54.7146599+05:00" testType="13cdc9d9-ddb5-4fa4-a97d-d965ccfc6d4b" outcome="Passed" testListId="8c84fa94-04c1-424b-9868-57a2d4851a1d" relativeResultsDirectory="3b7708b4-eacc-4e16-9370-cb1459c99023" />
    <UnitTestResult executionId="28d9c8a1-8168-4e55-9a4c-f7c44dcbda4d" testId="6cce1507-0dec-2005-8e09-1dcac8fdb763" testName="Nyxveil.ControlPlane.UnitTests.NodeCentralManagementTests.TestGetConfigReturnsSameConfigVersion" computerName="SA" duration="00:00:00.0086881" startTime="2026-09-09T15:44:52.8792103+05:00" endTime="2026-09-09T15:44:52.8876721+05:00" testType="13cdc9d9-ddb5-4fa4-a97d-d965ccfc6d4b" outcome="Passed" testListId="8c84fa94-04c1-424b-9868-57a2d4851a1d" relativeResultsDirectory="28d9c8a1-8168-4e55-9a4c-f7c44dcbda4d" />
    <UnitTestResult executionId="7851b074-c8d4-4b18-be57-f8f3364e4c23" testId="ce3ce9ed-7114-43fd-2e7b-6bb4a3a63135" testName="Nyxveil.ControlPlane.UnitTests.PortValidationTests.Free_or_common_ports_are_accepted(port: 9443)" computerName="SA" duration="00:00:00.0000069" startTime="2026-09-09T15:44:46.1960193+05:00" endTime="2026-09-09T15:44:46.1961599+05:00" testType="13cdc9d9-ddb5-4fa4-a97d-d965ccfc6d4b" outcome="Passed" testListId="8c84fa94-04c1-424b-9868-57a2d4851a1d" relativeResultsDirectory="7851b074-c8d4-4b18-be57-f8f3364e4c23" />
    <UnitTestResult executionId="fd9e548b-cae2-4661-81bc-6fb234ddae87" testId="bf6985d1-59cd-2ee9-1e5c-716af73e58b3" testName="Nyxveil.ControlPlane.UnitTests.ControlPlaneServiceTests.TestNodeCannotImpersonateAnotherNode" computerName="SA" duration="00:00:00.0126269" startTime="2026-09-09T15:44:55.9007302+05:00" endTime="2026-09-09T15:44:55.9131135+05:00" testType="13cdc9d9-ddb5-4fa4-a97d-d965ccfc6d4b" outcome="Passed" testListId="8c84fa94-04c1-424b-9868-57a2d4851a1d" relativeResultsDirectory="fd9e548b-cae2-4661-81bc-6fb234ddae87" />
    <UnitTestResult executionId="f1a42673-3f9b-46b0-bfce-43e96194a89c" testId="5d006b75-ec46-514d-b3ef-22d2a6936531" testName="Nyxveil.ControlPlane.UnitTests.PortValidationTests.Invalid_ports_are_rejected(port: -2147483648)" computerName="SA" duration="00:00:00.0004352" startTime="2026-09-09T15:44:46.1881279+05:00" endTime="2026-09-09T15:44:46.1884932+05:00" testType="13cdc9d9-ddb5-4fa4-a97d-d965ccfc6d4b" outcome="Passed" testListId="8c84fa94-04c1-424b-9868-57a2d4851a1d" relativeResultsDirectory="f1a42673-3f9b-46b0-bfce-43e96194a89c" />
    <UnitTestResult executionId="b0f39b64-a181-411c-8a1e-a74f24244107" testId="f1ef453d-7b30-ed93-ef54-fa989a8a8c2f" testName="Nyxveil.ControlPlane.UnitTests.TlsConfigureTests.TestMissingPrivateKeyRejected" computerName="SA" duration="00:00:00.7050826" startTime="2026-09-09T15:44:55.8534162+05:00" endTime="2026-09-09T15:44:56.5582836+05:00" testType="13cdc9d9-ddb5-4fa4-a97d-d965ccfc6d4b" outcome="Passed" testListId="8c84fa94-04c1-424b-9868-57a2d4851a1d" relativeResultsDirectory="b0f39b64-a181-411c-8a1e-a74f24244107" />
    <UnitTestResult executionId="109d8075-76e0-4515-8167-7081287141a7" testId="ad312d1a-1f58-3280-d179-1d18c73abe15" testName="Nyxveil.ControlPlane.UnitTests.AdminAuthorizationTests.RoleSeeder_EnsureRolesAsync_CreatesSuperAdminOperatorReadOnly" computerName="SA" duration="00:00:00.0634701" startTime="2026-09-09T15:44:54.6197624+05:00" endTime="2026-09-09T15:44:54.6825609+05:00" testType="13cdc9d9-ddb5-4fa4-a97d-d965ccfc6d4b" outcome="Passed" testListId="8c84fa94-04c1-424b-9868-57a2d4851a1d" relativeResultsDirectory="109d8075-76e0-4515-8167-7081287141a7" />
    <UnitTestResult executionId="e97ed27d-86df-42b0-9bb5-e1894a10126c" testId="6431a5aa-69c2-afc7-af1b-92f73c654368" testName="Nyxveil.ControlPlane.UnitTests.PortValidationTests.Free_or_common_ports_are_accepted(port: 10443)" computerName="SA" duration="00:00:00.0002207" startTime="2026-09-09T15:44:46.1905233+05:00" endTime="2026-09-09T15:44:46.1907574+05:00" testType="13cdc9d9-ddb5-4fa4-a97d-d965ccfc6d4b" outcome="Passed" testListId="8c84fa94-04c1-424b-9868-57a2d4851a1d" relativeResultsDirectory="e97ed27d-86df-42b0-9bb5-e1894a10126c" />
    <UnitTestResult executionId="5e0a69aa-1d8c-436a-844f-793eef1c726c" testId="b27885f4-8401-3f86-9d17-8e1b6a8f517b" testName="Nyxveil.ControlPlane.UnitTests.FrozenCoreInteropTests.TestBootstrapOnlyCreatesNewNode" computerName="SA" duration="00:00:00.0096002" startTime="2026-09-09T15:44:51.5602729+05:00" endTime="2026-09-09T15:44:51.5699448+05:00" testType="13cdc9d9-ddb5-4fa4-a97d-d965ccfc6d4b" outcome="Passed" testListId="8c84fa94-04c1-424b-9868-57a2d4851a1d" relativeResultsDirectory="5e0a69aa-1d8c-436a-844f-793eef1c726c" />
    <UnitTestResult executionId="41504c76-e312-4be5-bd16-31d82277e9fd" testId="5f3f0797-979e-2f2e-8cce-94556f63f7c5" testName="Nyxveil.ControlPlane.UnitTests.ControlPlaneServiceTests.TestDisabledLicenseRejected" computerName="SA" duration="00:00:00.0192361" startTime="2026-09-09T15:44:56.0033233+05:00" endTime="2026-09-09T15:44:56.0222990+05:00" testType="13cdc9d9-ddb5-4fa4-a97d-d965ccfc6d4b" outcome="Passed" testListId="8c84fa94-04c1-424b-9868-57a2d4851a1d" relativeResultsDirectory="41504c76-e312-4be5-bd16-31d82277e9fd" />
    <UnitTestResult executionId="2cfba358-0a4d-461f-90b8-aaa1c6203827" testId="ab70c0e2-0c0c-8a27-3afb-d3eea4f8164d" testName="Nyxveil.ControlPlane.UnitTests.DashboardExpiryTests.CertificateThresholdsAreCentralized(days: 20, expected: ExpiringSoon)" computerName="SA" duration="00:00:00.0000069" startTime="2026-09-09T15:44:55.8624861+05:00" endTime="2026-09-09T15:44:55.8626087+05:00" testType="13cdc9d9-ddb5-4fa4-a97d-d965ccfc6d4b" outcome="Passed" testListId="8c84fa94-04c1-424b-9868-57a2d4851a1d" relativeResultsDirectory="2cfba358-0a4d-461f-90b8-aaa1c6203827" />
    <UnitTestResult executionId="243bb95a-5ad8-4e2e-b982-eba432dadd5b" testId="caa9a414-9731-48b2-ab51-75fac40198af" testName="Nyxveil.ControlPlane.UnitTests.NodeCommandUpdateDrainTests.LegacySuccessFlag_DoesNotMisreportUpdate(result: &quot;outcome_unknown&quot;, staysDrained: True)" computerName="SA" duration="00:00:00.0268641" startTime="2026-09-09T15:44:55.4789293+05:00" endTime="2026-09-09T15:44:55.5056004+05:00" testType="13cdc9d9-ddb5-4fa4-a97d-d965ccfc6d4b" outcome="Passed" testListId="8c84fa94-04c1-424b-9868-57a2d4851a1d" relativeResultsDirectory="243bb95a-5ad8-4e2e-b982-eba432dadd5b" />
    <UnitTestResult executionId="1c94c333-9be2-4548-891f-045e7daf4e8c" testId="41cfb8f7-d642-b2c3-0cfc-6dab634c35ec" testName="Nyxveil.ControlPlane.UnitTests.TlsSqlAndDataProtectionHardeningTests.TestLocalSqlCanUseConfiguredTrustPolicy" computerName="SA" duration="00:00:00.0285851" startTime="2026-09-09T15:44:44.8808857+05:00" endTime="2026-09-09T15:44:44.9081142+05:00" testType="13cdc9d9-ddb5-4fa4-a97d-d965ccfc6d4b" outcome="Passed" testListId="8c84fa94-04c1-424b-9868-57a2d4851a1d" relativeResultsDirectory="1c94c333-9be2-4548-891f-045e7daf4e8c" />
    <UnitTestResult executionId="0381c13f-073b-4138-9ba4-678721a23c43" testId="eb43afed-9868-46fc-77f6-2ba4a338712c" testName="Nyxveil.ControlPlane.UnitTests.TlsSqlAndDataProtectionHardeningTests.TestInstallerDoesNotSetMachineWideAspNetCoreEnvironment" computerName="SA" duration="00:00:00.0136942" startTime="2026-09-09T15:44:46.1572566+05:00" endTime="2026-09-09T15:44:46.1712516+05:00" testType="13cdc9d9-ddb5-4fa4-a97d-d965ccfc6d4b" outcome="Passed" testListId="8c84fa94-04c1-424b-9868-57a2d4851a1d" relativeResultsDirectory="0381c13f-073b-4138-9ba4-678721a23c43" />
    <UnitTestResult executionId="f57237fc-2ef8-4da0-8ee3-46d722d1241f" testId="6ed9cbed-10e5-7a67-863f-1bfcf1989960" testName="Nyxveil.ControlPlane.UnitTests.NodeCommandUpdateDrainTests.UpdateFailure_HealthFailed_StaysDrained" computerName="SA" duration="00:00:00.0300579" startTime="2026-09-09T15:44:55.7913350+05:00" endTime="2026-09-09T15:44:55.8200373+05:00" testType="13cdc9d9-ddb5-4fa4-a97d-d965ccfc6d4b" outcome="Passed" testListId="8c84fa94-04c1-424b-9868-57a2d4851a1d" relativeResultsDirectory="f57237fc-2ef8-4da0-8ee3-46d722d1241f" />
    <UnitTestResult executionId="568f7e4e-2f5f-4aa1-9b4c-c0c30e5fd4d8" testId="f58e07a7-4148-0055-e243-edb617b87ac7" testName="Nyxveil.ControlPlane.UnitTests.PortValidationTests.Free_or_common_ports_are_accepted(port: 8443)" computerName="SA" duration="00:00:00.0000064" startTime="2026-09-09T15:44:46.1968227+05:00" endTime="2026-09-09T15:44:46.1969637+05:00" testType="13cdc9d9-ddb5-4fa4-a97d-d965ccfc6d4b" outcome="Passed" testListId="8c84fa94-04c1-424b-9868-57a2d4851a1d" relativeResultsDirectory="568f7e4e-2f5f-4aa1-9b4c-c0c30e5fd4d8" />
    <UnitTestResult executionId="fcf89744-1a5c-4649-827f-4f142ef2a995" testId="82fe0a4d-9b9e-c60a-0169-e9766dc5dfa6" testName="Nyxveil.ControlPlane.UnitTests.NodeReregisterCatalogTests.TestHeartbeatUpdatesLiveHealthWithoutOverwritingRegistrationMetadata" computerName="SA" duration="00:00:00.0324819" startTime="2026-09-09T15:44:56.6408652+05:00" endTime="2026-09-09T15:44:56.6811757+05:00" testType="13cdc9d9-ddb5-4fa4-a97d-d965ccfc6d4b" outcome="Passed" testListId="8c84fa94-04c1-424b-9868-57a2d4851a1d" relativeResultsDirectory="fcf89744-1a5c-4649-827f-4f142ef2a995" />
    <UnitTestResult executionId="980a6a3b-5f1a-4b1a-8fb4-6e6c77f6586d" testId="59a3e75f-37fe-1198-d481-64852ebd4284" testName="Nyxveil.ControlPlane.UnitTests.HttpsAndCertificateTests.TestOnlyOneKestrelHttpsEndpointConfigured" computerName="SA" duration="00:00:00.0042818" startTime="2026-09-09T15:44:49.9963394+05:00" endTime="2026-09-09T15:44:50.0008816+05:00" testType="13cdc9d9-ddb5-4fa4-a97d-d965ccfc6d4b" outcome="Passed" testListId="8c84fa94-04c1-424b-9868-57a2d4851a1d" relativeResultsDirectory="980a6a3b-5f1a-4b1a-8fb4-6e6c77f6586d" />
    <UnitTestResult executionId="240b1b5a-a5d0-4b35-9513-0b8add563c29" testId="d7dfe295-e269-47ed-1c66-61518fc8df2b" testName="Nyxveil.ControlPlane.UnitTests.TlsConfigureTests.TestTlsConfigureDoesNotBindForbiddenPorts(forbidden: 18443)" computerName="SA" duration="00:00:00.0525024" startTime="2026-09-09T15:44:49.4061523+05:00" endTime="2026-09-09T15:44:49.4580524+05:00" testType="13cdc9d9-ddb5-4fa4-a97d-d965ccfc6d4b" outcome="Passed" testListId="8c84fa94-04c1-424b-9868-57a2d4851a1d" relativeResultsDirectory="240b1b5a-a5d0-4b35-9513-0b8add563c29" />
    <UnitTestResult executionId="487841d0-44b4-4582-82f9-c430404b5265" testId="8b144e2a-c7aa-6c1b-d0a1-6a55d4982171" testName="Nyxveil.ControlPlane.UnitTests.NodeCommandLocationSafetyTests.ConcurrentEnqueue_SameLocation_OnlyOneSucceeds" computerName="SA" duration="00:00:00.8174332" startTime="2026-09-09T15:44:49.1655950+05:00" endTime="2026-09-09T15:44:50.0837260+05:00" testType="13cdc9d9-ddb5-4fa4-a97d-d965ccfc6d4b" outcome="Passed" testListId="8c84fa94-04c1-424b-9868-57a2d4851a1d" relativeResultsDirectory="487841d0-44b4-4582-82f9-c430404b5265" />
    <UnitTestResult executionId="9e87a49c-d28b-4ee4-871d-90f6b2938ef6" testId="4d11c0b6-2826-e84b-9802-6d1dbdabd292" testName="Nyxveil.ControlPlane.UnitTests.NodeVersionEvaluatorTests.Evaluate_Matrix(installed: &quot;1.2.0&quot;, latest: &quot;1.1.9&quot;, min: null, expected: Ahead)" computerName="SA" duration="00:00:00.0000170" startTime="2026-09-09T15:44:49.2446989+05:00" endTime="2026-09-09T15:44:49.2448539+05:00" testType="13cdc9d9-ddb5-4fa4-a97d-d965ccfc6d4b" outcome="Passed" testListId="8c84fa94-04c1-424b-9868-57a2d4851a1d" relativeResultsDirectory="9e87a49c-d28b-4ee4-871d-90f6b2938ef6" />
    <UnitTestResult executionId="d5da5705-707b-4730-a3e7-cb0157c8c9f9" testId="21d65254-8eaf-54a3-035b-2d626be62d3d" testName="Nyxveil.ControlPlane.UnitTests.AdminAuthorizationTests.SigningKeys_RequiresSuperAdminOnlyPolicy" computerName="SA" duration="00:00:00.7101642" startTime="2026-09-09T15:44:53.9083466+05:00" endTime="2026-09-09T15:44:54.6183587+05:00" testType="13cdc9d9-ddb5-4fa4-a97d-d965ccfc6d4b" outcome="Passed" testListId="8c84fa94-04c1-424b-9868-57a2d4851a1d" relativeResultsDirectory="d5da5705-707b-4730-a3e7-cb0157c8c9f9" />
    <UnitTestResult executionId="cc707236-d57d-4d1b-864a-d634178b811b" testId="a45788b5-8cbb-6169-28b6-31799a53be83" testName="Nyxveil.ControlPlane.UnitTests.NodeReregisterCatalogTests.TestExistingNodeRegistrationPreservesLocationId" computerName="SA" duration="00:00:00.0347024" startTime="2026-09-09T15:44:56.7117187+05:00" endTime="2026-09-09T15:44:56.7460884+05:00" testType="13cdc9d9-ddb5-4fa4-a97d-d965ccfc6d4b" outcome="Passed" testListId="8c84fa94-04c1-424b-9868-57a2d4851a1d" relativeResultsDirectory="cc707236-d57d-4d1b-864a-d634178b811b" />
    <UnitTestResult executionId="56618ff2-a156-403e-a4a7-fa0d241c1863" testId="cac4f938-741a-b64c-715c-e7d6734c1335" testName="Nyxveil.ControlPlane.UnitTests.PortValidationTests.Invalid_ports_are_rejected(port: -1)" computerName="SA" duration="00:00:00.0000088" startTime="2026-09-09T15:44:46.1891915+05:00" endTime="2026-09-09T15:44:46.1893365+05:00" testType="13cdc9d9-ddb5-4fa4-a97d-d965ccfc6d4b" outcome="Passed" testListId="8c84fa94-04c1-424b-9868-57a2d4851a1d" relativeResultsDirectory="56618ff2-a156-403e-a4a7-fa0d241c1863" />
    <UnitTestResult executionId="eea7f1f9-17e5-4f5c-b7bf-188bd68bc8e4" testId="83b30c4b-7a48-9904-03c2-e93de752063c" testName="Nyxveil.ControlPlane.UnitTests.NodeReregisterCatalogTests.TestExistingNodeCannotChangeAdminOwnedFields" computerName="SA" duration="00:00:00.0411190" startTime="2026-09-09T15:44:56.9863279+05:00" endTime="2026-09-09T15:44:57.0272911+05:00" testType="13cdc9d9-ddb5-4fa4-a97d-d965ccfc6d4b" outcome="Passed" testListId="8c84fa94-04c1-424b-9868-57a2d4851a1d" relativeResultsDirectory="eea7f1f9-17e5-4f5c-b7bf-188bd68bc8e4" />
    <UnitTestResult executionId="3c364515-71ee-489c-b964-e4cde7b858c3" testId="b9adfe86-c8d8-50fe-c51f-d5a4d6a2c2e8" testName="Nyxveil.ControlPlane.UnitTests.NodeCommandServiceTests.HeartbeatAcceptsNullOptionalManagementFields" computerName="SA" duration="00:00:00.0151959" startTime="2026-09-09T15:44:54.9114939+05:00" endTime="2026-09-09T15:44:54.9244546+05:00" testType="13cdc9d9-ddb5-4fa4-a97d-d965ccfc6d4b" outcome="Passed" testListId="8c84fa94-04c1-424b-9868-57a2d4851a1d" relativeResultsDirectory="3c364515-71ee-489c-b964-e4cde7b858c3" />
    <UnitTestResult executionId="42266f87-e1e3-4926-9dd1-b0feb121f661" testId="1c68cac5-0687-edd4-5d9d-b48e3c412cc0" testName="Nyxveil.ControlPlane.UnitTests.TicketScopeCalculatorTests.TestLocationScopedRefreshRemainsLocationScoped" computerName="SA" duration="00:00:00.0009150" startTime="2026-09-09T15:44:56.4539371+05:00" endTime="2026-09-09T15:44:56.4546025+05:00" testType="13cdc9d9-ddb5-4fa4-a97d-d965ccfc6d4b" outcome="Passed" testListId="8c84fa94-04c1-424b-9868-57a2d4851a1d" relativeResultsDirectory="42266f87-e1e3-4926-9dd1-b0feb121f661" />
    <UnitTestResult executionId="143134d8-8361-4f6a-896d-7ea1b4c0ac19" testId="934bdd31-6b8b-027b-2924-9c6b9159cd02" testName="Nyxveil.ControlPlane.UnitTests.NodeReregisterCatalogTests.TestEndpointDeduplicateKeepsLowestPriority" computerName="SA" duration="00:00:00.0073748" startTime="2026-09-09T15:44:56.7805239+05:00" endTime="2026-09-09T15:44:56.7876097+05:00" testType="13cdc9d9-ddb5-4fa4-a97d-d965ccfc6d4b" outcome="Passed" testListId="8c84fa94-04c1-424b-9868-57a2d4851a1d" relativeResultsDirectory="143134d8-8361-4f6a-896d-7ea1b4c0ac19" />
    <UnitTestResult executionId="68a2c45a-5779-4e0a-a79f-2023ee53ab2f" testId="52d38efd-28c3-538a-e4d6-dc241aa64da9" testName="Nyxveil.ControlPlane.UnitTests.FrozenCoreInteropTests.TestRefreshUsesCanonicalLocationIds" computerName="SA" duration="00:00:00.0176040" startTime="2026-09-09T15:44:50.9555924+05:00" endTime="2026-09-09T15:44:50.9734167+05:00" testType="13cdc9d9-ddb5-4fa4-a97d-d965ccfc6d4b" outcome="Passed" testListId="8c84fa94-04c1-424b-9868-57a2d4851a1d" relativeResultsDirectory="68a2c45a-5779-4e0a-a79f-2023ee53ab2f" />
    <UnitTestResult executionId="ffe34e68-ee74-4b1e-ab52-43c8605dd7c9" testId="18a5f7ae-5a15-8bac-7436-4599f5ca7478" testName="Nyxveil.ControlPlane.UnitTests.TlsSqlAndDataProtectionHardeningTests.TestStoreCertificateHostnameMatchAccepted" computerName="SA" duration="00:00:00.3163469" startTime="2026-09-09T15:44:44.5633340+05:00" endTime="2026-09-09T15:44:44.8804303+05:00" testType="13cdc9d9-ddb5-4fa4-a97d-d965ccfc6d4b" outcome="Passed" testListId="8c84fa94-04c1-424b-9868-57a2d4851a1d" relativeResultsDirectory="ffe34e68-ee74-4b1e-ab52-43c8605dd7c9" />
    <UnitTestResult executionId="20f68ee7-b503-471e-8ae1-f92646630408" testId="e5739659-6674-938f-927f-e486785445e9" testName="Nyxveil.ControlPlane.UnitTests.ControlPlaneServiceTests.TestExpiredLicenseCannotRefresh" computerName="SA" duration="00:00:00.0231455" startTime="2026-09-09T15:44:55.9134584+05:00" endTime="2026-09-09T15:44:55.9363829+05:00" testType="13cdc9d9-ddb5-4fa4-a97d-d965ccfc6d4b" outcome="Passed" testListId="8c84fa94-04c1-424b-9868-57a2d4851a1d" relativeResultsDirectory="20f68ee7-b503-471e-8ae1-f92646630408" />
    <UnitTestResult executionId="659ce8fa-0c80-4734-8b0a-36d0c87335c5" testId="31c7b533-61ca-f939-e145-001afd949853" testName="Nyxveil.ControlPlane.UnitTests.FrozenCoreInteropTests.TestHeartbeatDoesNotAuthenticateTwice" computerName="SA" duration="00:00:00.0087295" startTime="2026-09-09T15:44:50.7484364+05:00" endTime="2026-09-09T15:44:50.7567934+05:00" testType="13cdc9d9-ddb5-4fa4-a97d-d965ccfc6d4b" outcome="Passed" testListId="8c84fa94-04c1-424b-9868-57a2d4851a1d" relativeResultsDirectory="659ce8fa-0c80-4734-8b0a-36d0c87335c5" />
    <UnitTestResult executionId="21cb132a-e7fc-49bf-a7a1-15a8068d3463" testId="b42c5e91-4c13-d23e-70d0-d7410b19eb9e" testName="Nyxveil.ControlPlane.UnitTests.NodeReregisterCatalogTests.TestCatalogEndpointProjectionIsUnique" computerName="SA" duration="00:00:00.0255530" startTime="2026-09-09T15:44:56.8070137+05:00" endTime="2026-09-09T15:44:56.8324392+05:00" testType="13cdc9d9-ddb5-4fa4-a97d-d965ccfc6d4b" outcome="Passed" testListId="8c84fa94-04c1-424b-9868-57a2d4851a1d" relativeResultsDirectory="21cb132a-e7fc-49bf-a7a1-15a8068d3463" />
    <UnitTestResult executionId="dc5d31bf-d2c2-4406-a5a2-9e166b975f90" testId="5a8e6902-6bcf-b63c-df30-40ef00c7a5de" testName="Nyxveil.ControlPlane.UnitTests.MigrationDeployHardeningTests.TestSchemaV4HotfixNoMigrationPlan" computerName="SA" duration="00:00:00.0017907" startTime="2026-09-09T15:44:49.9903566+05:00" endTime="2026-09-09T15:44:49.9918740+05:00" testType="13cdc9d9-ddb5-4fa4-a97d-d965ccfc6d4b" outcome="Passed" testListId="8c84fa94-04c1-424b-9868-57a2d4851a1d" relativeResultsDirectory="dc5d31bf-d2c2-4406-a5a2-9e166b975f90" />
    <UnitTestResult executionId="6eb4a6f6-c52b-48be-b4d6-467b4aacec22" testId="5a6a54e3-c689-1cef-4081-203a4c8ac710" testName="Nyxveil.ControlPlane.UnitTests.NodeSpkiUpdateTests.Register_FreshWithSpki_StoresPin" computerName="SA" duration="00:00:00.0651945" startTime="2026-09-09T15:44:48.2349014+05:00" endTime="2026-09-09T15:44:48.2998128+05:00" testType="13cdc9d9-ddb5-4fa4-a97d-d965ccfc6d4b" outcome="Passed" testListId="8c84fa94-04c1-424b-9868-57a2d4851a1d" relativeResultsDirectory="6eb4a6f6-c52b-48be-b4d6-467b4aacec22" />
    <UnitTestResult executionId="8e6cf8d2-e219-4473-b933-56e13ad20c2f" testId="826e3335-eb97-d7f6-b937-473c5b17e135" testName="Nyxveil.ControlPlane.UnitTests.TlsSqlAndDataProtectionHardeningTests.TestSelfSignedPinnedWrongThumbprintRejected" computerName="SA" duration="00:00:00.3455156" startTime="2026-09-09T15:44:44.9893050+05:00" endTime="2026-09-09T15:44:45.3347250+05:00" testType="13cdc9d9-ddb5-4fa4-a97d-d965ccfc6d4b" outcome="Passed" testListId="8c84fa94-04c1-424b-9868-57a2d4851a1d" relativeResultsDirectory="8e6cf8d2-e219-4473-b933-56e13ad20c2f" />
    <UnitTestResult executionId="a78cc188-aabc-4c75-a6b9-11dabbd1498d" testId="12aa2833-3a03-3c86-8331-8e2eee212164" testName="Nyxveil.ControlPlane.UnitTests.FrozenCoreInteropTests.TestDefaultTicketAudienceMatchesFrozenCore" computerName="SA" duration="00:00:00.0123483" startTime="2026-09-09T15:44:50.4796885+05:00" endTime="2026-09-09T15:44:50.4917618+05:00" testType="13cdc9d9-ddb5-4fa4-a97d-d965ccfc6d4b" outcome="Passed" testListId="8c84fa94-04c1-424b-9868-57a2d4851a1d" relativeResultsDirectory="a78cc188-aabc-4c75-a6b9-11dabbd1498d" />
    <UnitTestResult executionId="948a972f-4209-4d10-92b5-c538b159400b" testId="13d4edd5-40b7-6238-396a-b35b0ad418c7" testName="Nyxveil.ControlPlane.UnitTests.NodeReregisterCatalogTests.TestExistingNodeRegistrationUpdatesSPKI" computerName="SA" duration="00:00:00.0418087" startTime="2026-09-09T15:44:56.5254152+05:00" endTime="2026-09-09T15:44:56.5669757+05:00" testType="13cdc9d9-ddb5-4fa4-a97d-d965ccfc6d4b" outcome="Passed" testListId="8c84fa94-04c1-424b-9868-57a2d4851a1d" relativeResultsDirectory="948a972f-4209-4d10-92b5-c538b159400b" />
    <UnitTestResult executionId="3fc30b15-37d1-431f-ab6c-2a6b2d3a10d6" testId="83b88dab-4eed-8c84-c808-4dab91a7f65c" testName="Nyxveil.ControlPlane.UnitTests.TlsConfigureTests.TestServiceAccountPrivateKeyAccess" computerName="SA" duration="00:00:00.6424970" startTime="2026-09-09T15:44:56.5586484+05:00" endTime="2026-09-09T15:44:57.2009852+05:00" testType="13cdc9d9-ddb5-4fa4-a97d-d965ccfc6d4b" outcome="Passed" testListId="8c84fa94-04c1-424b-9868-57a2d4851a1d" relativeResultsDirectory="3fc30b15-37d1-431f-ab6c-2a6b2d3a10d6" />
    <UnitTestResult executionId="28919b09-f6da-4f42-b80c-01b794a47197" testId="b2f30e5a-af45-3ac1-3f3f-aad5b84fda91" testName="Nyxveil.ControlPlane.UnitTests.TicketScopeCalculatorTests.TestTicketRefreshNeverWidens" computerName="SA" duration="00:00:00.0005126" startTime="2026-09-09T15:44:56.4523025+05:00" endTime="2026-09-09T15:44:56.4525086+05:00" testType="13cdc9d9-ddb5-4fa4-a97d-d965ccfc6d4b" outcome="Passed" testListId="8c84fa94-04c1-424b-9868-57a2d4851a1d" relativeResultsDirectory="28919b09-f6da-4f42-b80c-01b794a47197" />
    <UnitTestResult executionId="01eaf1c8-ada1-463e-b11c-1279eeaa7104" testId="c935d0c1-57a8-baf2-961e-5d8d8bed27cd" testName="Nyxveil.ControlPlane.UnitTests.PreDeployGateTests.TestLocalTlsHealthValidatesExpectedHostname" computerName="SA" duration="00:00:00.7413791" startTime="2026-09-09T15:44:56.5124017+05:00" endTime="2026-09-09T15:44:57.2535014+05:00" testType="13cdc9d9-ddb5-4fa4-a97d-d965ccfc6d4b" outcome="Passed" testListId="8c84fa94-04c1-424b-9868-57a2d4851a1d" relativeResultsDirectory="01eaf1c8-ada1-463e-b11c-1279eeaa7104" />
    <UnitTestResult executionId="ff389623-5ce7-4b7c-bded-4540ce3ef00e" testId="d4c54baf-48e6-1391-d48b-1dada7fcd5bf" testName="Nyxveil.ControlPlane.UnitTests.TlsConfigureTests.TestFailedHealthRestoresOldConfig" computerName="SA" duration="00:00:00.8428733" startTime="2026-09-09T15:44:51.4576045+05:00" endTime="2026-09-09T15:44:52.3002511+05:00" testType="13cdc9d9-ddb5-4fa4-a97d-d965ccfc6d4b" outcome="Passed" testListId="8c84fa94-04c1-424b-9868-57a2d4851a1d" relativeResultsDirectory="ff389623-5ce7-4b7c-bded-4540ce3ef00e" />
    <UnitTestResult executionId="bc92d82a-bffc-48b1-9449-10fa82805f29" testId="a8ae9afc-fd2e-c1fc-b768-a4be1d006d93" testName="Nyxveil.ControlPlane.UnitTests.CatalogCanonicalCrossLanguageTests.TimestampFractionalDigits_TrimLikeGoRfc3339Nano(nanos: 123456000)" computerName="SA" duration="00:00:00.0001803" startTime="2026-09-09T15:44:54.7169701+05:00" endTime="2026-09-09T15:44:54.7170857+05:00" testType="13cdc9d9-ddb5-4fa4-a97d-d965ccfc6d4b" outcome="Passed" testListId="8c84fa94-04c1-424b-9868-57a2d4851a1d" relativeResultsDirectory="bc92d82a-bffc-48b1-9449-10fa82805f29" />
    <UnitTestResult executionId="a34e8c24-06a8-450b-8fc1-49a0cf32709e" testId="aa5e0098-7a8c-8544-2c2e-56c303ec9846" testName="Nyxveil.ControlPlane.UnitTests.NodeAdminStatusResponseContractTests.Serializes_SnakeCase_PropertyNames" computerName="SA" duration="00:00:00.0105863" startTime="2026-09-09T15:44:56.4412429+05:00" endTime="2026-09-09T15:44:56.4518182+05:00" testType="13cdc9d9-ddb5-4fa4-a97d-d965ccfc6d4b" outcome="Passed" testListId="8c84fa94-04c1-424b-9868-57a2d4851a1d" relativeResultsDirectory="a34e8c24-06a8-450b-8fc1-49a0cf32709e" />
    <UnitTestResult executionId="ac6fbd04-8e12-4472-8e98-2c0639c54d8d" testId="4bcaf005-dadf-32af-d6af-415235ccd536" testName="Nyxveil.ControlPlane.UnitTests.StaleAdvertisementLifecycleTests.PopOnlyRetryWithoutBootstrap_IsRejected" computerName="SA" duration="00:00:00.1273058" startTime="2026-09-09T15:44:48.4457504+05:00" endTime="2026-09-09T15:44:48.5730494+05:00" testType="13cdc9d9-ddb5-4fa4-a97d-d965ccfc6d4b" outcome="Passed" testListId="8c84fa94-04c1-424b-9868-57a2d4851a1d" relativeResultsDirectory="ac6fbd04-8e12-4472-8e98-2c0639c54d8d" />
    <UnitTestResult executionId="fcb3dee1-0df2-4a43-a3c7-b1a319fcdf37" testId="460e7762-9852-2ca7-82f3-735de3efed0a" testName="Nyxveil.ControlPlane.UnitTests.NodeCentralManagementTests.TestUserCannotSeeTestOnlyNode" computerName="SA" duration="00:00:00.0451167" startTime="2026-09-09T15:44:52.9094132+05:00" endTime="2026-09-09T15:44:52.9541820+05:00" testType="13cdc9d9-ddb5-4fa4-a97d-d965ccfc6d4b" outcome="Passed" testListId="8c84fa94-04c1-424b-9868-57a2d4851a1d" relativeResultsDirectory="fcb3dee1-0df2-4a43-a3c7-b1a319fcdf37" />
    <UnitTestResult executionId="d656cda5-0800-47d7-b611-9089e00f93c4" testId="edb91edd-716a-3278-9e54-08f670909b5b" testName="Nyxveil.ControlPlane.UnitTests.TlsConfigureTests.TestWrongSANRejectedBeforeServiceStop" computerName="SA" duration="00:00:00.8858798" startTime="2026-09-09T15:44:49.4717768+05:00" endTime="2026-09-09T15:44:50.3573776+05:00" testType="13cdc9d9-ddb5-4fa4-a97d-d965ccfc6d4b" outcome="Passed" testListId="8c84fa94-04c1-424b-9868-57a2d4851a1d" relativeResultsDirectory="d656cda5-0800-47d7-b611-9089e00f93c4" />
    <UnitTestResult executionId="0b48a2c1-52b0-4c5f-b456-21212d056b1f" testId="54ec79a2-a533-a6b4-e7cf-4fda301d02c2" testName="Nyxveil.ControlPlane.UnitTests.ControlPlaneServiceTests.TestExpiredBootstrapRejected" computerName="SA" duration="00:00:00.0137803" startTime="2026-09-09T15:44:56.0808252+05:00" endTime="2026-09-09T15:44:56.0943576+05:00" testType="13cdc9d9-ddb5-4fa4-a97d-d965ccfc6d4b" outcome="Passed" testListId="8c84fa94-04c1-424b-9868-57a2d4851a1d" relativeResultsDirectory="0b48a2c1-52b0-4c5f-b456-21212d056b1f" />
    <UnitTestResult executionId="36288acd-2db4-4a74-a3fc-677c29252627" testId="960377e2-c817-f790-d923-773ed52215c1" testName="Nyxveil.ControlPlane.UnitTests.PreDeployGateTests.TestZipUsesForwardSlashPathsOnly" computerName="SA" duration="00:00:00.0279102" startTime="2026-09-09T15:44:57.8847506+05:00" endTime="2026-09-09T15:44:57.9123838+05:00" testType="13cdc9d9-ddb5-4fa4-a97d-d965ccfc6d4b" outcome="Passed" testListId="8c84fa94-04c1-424b-9868-57a2d4851a1d" relativeResultsDirectory="36288acd-2db4-4a74-a3fc-677c29252627" />
    <UnitTestResult executionId="8ff06dcf-3ee8-4266-9d4a-ccf960d19651" testId="594bd678-6377-8c54-fb74-39ed12f0668c" testName="Nyxveil.ControlPlane.UnitTests.ControlPlaneServiceTests.TestCatalogSigned" computerName="SA" duration="00:00:00.0099636" startTime="2026-09-09T15:44:56.1776232+05:00" endTime="2026-09-09T15:44:56.1873316+05:00" testType="13cdc9d9-ddb5-4fa4-a97d-d965ccfc6d4b" outcome="Passed" testListId="8c84fa94-04c1-424b-9868-57a2d4851a1d" relativeResultsDirectory="8ff06dcf-3ee8-4266-9d4a-ccf960d19651" />
    <UnitTestResult executionId="59e88e9a-efa0-4a6c-8ec1-02d0693dd081" testId="d1ca30e3-5569-77e6-4f1e-1faed0173535" testName="Nyxveil.ControlPlane.UnitTests.UtcDateTimeJsonConverterTests.Serializes_Unspecified_DateTime_As_Utc_With_Z" computerName="SA" duration="00:00:00.0018963" startTime="2026-09-09T15:44:56.4838751+05:00" endTime="2026-09-09T15:44:56.4852479+05:00" testType="13cdc9d9-ddb5-4fa4-a97d-d965ccfc6d4b" outcome="Passed" testListId="8c84fa94-04c1-424b-9868-57a2d4851a1d" relativeResultsDirectory="59e88e9a-efa0-4a6c-8ec1-02d0693dd081" />
    <UnitTestResult executionId="2c217447-e131-4540-8d34-b6ab19d9eb8f" testId="92e76a08-523f-4705-a7a1-9d7d9d1f906e" testName="Nyxveil.ControlPlane.UnitTests.ControlPlaneServiceTests.TestBootstrapMaxUses" computerName="SA" duration="00:00:00.0069365" startTime="2026-09-09T15:44:56.0947161+05:00" endTime="2026-09-09T15:44:56.1013655+05:00" testType="13cdc9d9-ddb5-4fa4-a97d-d965ccfc6d4b" outcome="Passed" testListId="8c84fa94-04c1-424b-9868-57a2d4851a1d" relativeResultsDirectory="2c217447-e131-4540-8d34-b6ab19d9eb8f" />
    <UnitTestResult executionId="b908e2a8-84df-453d-b818-f714ba8b052a" testId="c78df14f-7aa3-4868-33b6-34b367f3a4a4" testName="Nyxveil.ControlPlane.UnitTests.NodeCommandUpdateDrainTests.UpdateMarkStarted_SnapshotsAndSetsDraining_ThenRestoreKeepsManualDrain" computerName="SA" duration="00:00:00.0340374" startTime="2026-09-09T15:44:55.7561219+05:00" endTime="2026-09-09T15:44:55.7898911+05:00" testType="13cdc9d9-ddb5-4fa4-a97d-d965ccfc6d4b" outcome="Passed" testListId="8c84fa94-04c1-424b-9868-57a2d4851a1d" relativeResultsDirectory="b908e2a8-84df-453d-b818-f714ba8b052a" />
    <UnitTestResult executionId="64a4587a-f3d5-4b8e-aa66-38a4a5c0023f" testId="b9a48d4c-2809-dfeb-1fad-53d2653146d0" testName="Nyxveil.ControlPlane.UnitTests.NodeCommandLocationSafetyTests.ConcurrentSameLocation_SecondUpdateBlocked" computerName="SA" duration="00:00:00.0378040" startTime="2026-09-09T15:44:50.1779438+05:00" endTime="2026-09-09T15:44:50.2152183+05:00" testType="13cdc9d9-ddb5-4fa4-a97d-d965ccfc6d4b" outcome="Passed" testListId="8c84fa94-04c1-424b-9868-57a2d4851a1d" relativeResultsDirectory="64a4587a-f3d5-4b8e-aa66-38a4a5c0023f" />
    <UnitTestResult executionId="cfa7005c-256e-4377-a73d-534328af5749" testId="05c07e00-8cf5-42a1-bbaa-cbf1c03bb48a" testName="Nyxveil.ControlPlane.UnitTests.FrozenCoreInteropTests.TestDeviceActivationDifferentKeyRejected" computerName="SA" duration="00:00:00.0414739" startTime="2026-09-09T15:44:50.4381025+05:00" endTime="2026-09-09T15:44:50.4792822+05:00" testType="13cdc9d9-ddb5-4fa4-a97d-d965ccfc6d4b" outcome="Passed" testListId="8c84fa94-04c1-424b-9868-57a2d4851a1d" relativeResultsDirectory="cfa7005c-256e-4377-a73d-534328af5749" />
    <UnitTestResult executionId="b4e8084e-151b-498b-ba69-7b56eb36af37" testId="4f6bcca1-18cc-4861-cedc-962c54f643b2" testName="Nyxveil.ControlPlane.UnitTests.NodeCommandUpdateDrainTests.LegacySuccessFlag_DoesNotMisreportUpdate(result: &quot;unexpected_success&quot;, staysDrained: True)" computerName="SA" duration="00:00:00.0299795" startTime="2026-09-09T15:44:55.5058691+05:00" endTime="2026-09-09T15:44:55.5356770+05:00" testType="13cdc9d9-ddb5-4fa4-a97d-d965ccfc6d4b" outcome="Passed" testListId="8c84fa94-04c1-424b-9868-57a2d4851a1d" relativeResultsDirectory="b4e8084e-151b-498b-ba69-7b56eb36af37" />
    <UnitTestResult executionId="3f5c6e3b-a63b-4114-8a76-de65cd974eac" testId="ac2b4412-78ce-78ee-4b43-9dd5b248893d" testName="Nyxveil.ControlPlane.UnitTests.FrozenCoreInteropTests.TestExistingNodeProofOfPossessionAllowsIdempotentRetry" computerName="SA" duration="00:00:00.0353708" startTime="2026-09-09T15:44:51.5071590+05:00" endTime="2026-09-09T15:44:51.5413059+05:00" testType="13cdc9d9-ddb5-4fa4-a97d-d965ccfc6d4b" outcome="Passed" testListId="8c84fa94-04c1-424b-9868-57a2d4851a1d" relativeResultsDirectory="3f5c6e3b-a63b-4114-8a76-de65cd974eac" />
    <UnitTestResult executionId="36d64ea0-f45e-477a-84a1-bb209b5e2a33" testId="96894585-cebd-5c93-b56a-32171960cc0b" testName="Nyxveil.ControlPlane.UnitTests.HttpsAndCertificateTests.TestRecoveryBundleContainsNoPlaintextSecrets" computerName="SA" duration="00:00:00.0521651" startTime="2026-09-09T15:44:51.1119873+05:00" endTime="2026-09-09T15:44:51.1466699+05:00" testType="13cdc9d9-ddb5-4fa4-a97d-d965ccfc6d4b" outcome="Passed" testListId="8c84fa94-04c1-424b-9868-57a2d4851a1d" relativeResultsDirectory="36d64ea0-f45e-477a-84a1-bb209b5e2a33" />
    <UnitTestResult executionId="3702915c-560b-46da-af97-931d2733307c" testId="42801203-57b5-f403-2129-03e7c6539bd4" testName="Nyxveil.ControlPlane.UnitTests.HttpsAndCertificateTests.TestSqlAuthReadinessUsesProtectedPassword" computerName="SA" duration="00:00:00.0008503" startTime="2026-09-09T15:44:50.0168351+05:00" endTime="2026-09-09T15:44:50.0179073+05:00" testType="13cdc9d9-ddb5-4fa4-a97d-d965ccfc6d4b" outcome="Passed" testListId="8c84fa94-04c1-424b-9868-57a2d4851a1d" relativeResultsDirectory="3702915c-560b-46da-af97-931d2733307c" />
    <UnitTestResult executionId="bdfd1522-bd43-4b9c-af78-f78eeaec5ca3" testId="2bb610ff-bf31-469f-68e3-1e35015dd53e" testName="Nyxveil.ControlPlane.UnitTests.DashboardQueryServiceTests.ConcurrentGetSummaryAsync_DoesNotThrowConcurrencyDetector" computerName="SA" duration="00:00:00.2130239" startTime="2026-09-09T15:44:49.1620293+05:00" endTime="2026-09-09T15:44:49.3753201+05:00" testType="13cdc9d9-ddb5-4fa4-a97d-d965ccfc6d4b" outcome="Passed" testListId="8c84fa94-04c1-424b-9868-57a2d4851a1d" relativeResultsDirectory="bdfd1522-bd43-4b9c-af78-f78eeaec5ca3" />
    <UnitTestResult executionId="71b8c1a4-9875-470d-a895-71ff01cd5ae4" testId="81426325-9796-423c-6832-b12b1d6d0ae9" testName="Nyxveil.ControlPlane.UnitTests.NodeCommandUpdateDrainTests.LegacySuccessFlag_DoesNotMisreportUpdate(result: &quot;rolled_back_unhealthy&quot;, staysDrained: True)" computerName="SA" duration="00:00:00.0714033" startTime="2026-09-09T15:44:55.3801355+05:00" endTime="2026-09-09T15:44:55.4494641+05:00" testType="13cdc9d9-ddb5-4fa4-a97d-d965ccfc6d4b" outcome="Passed" testListId="8c84fa94-04c1-424b-9868-57a2d4851a1d" relativeResultsDirectory="71b8c1a4-9875-470d-a895-71ff01cd5ae4" />
    <UnitTestResult executionId="200fc585-e445-4039-8316-80112dc93388" testId="2ae6fa61-37fc-892e-1c69-32af8f5bcaeb" testName="Nyxveil.ControlPlane.UnitTests.HttpsAndCertificateTests.TestUnifiedRecoveryRestoresSigningAndKek" computerName="SA" duration="00:00:01.1287761" startTime="2026-09-09T15:44:51.1519829+05:00" endTime="2026-09-09T15:44:52.2805679+05:00" testType="13cdc9d9-ddb5-4fa4-a97d-d965ccfc6d4b" outcome="Passed" testListId="8c84fa94-04c1-424b-9868-57a2d4851a1d" relativeResultsDirectory="200fc585-e445-4039-8316-80112dc93388" />
    <UnitTestResult executionId="3fdd5e75-1a09-42b1-a248-f0cbaa7f4277" testId="83ce8893-c820-1932-da87-b95a911e8469" testName="Nyxveil.ControlPlane.UnitTests.CatalogCanonicalCrossLanguageTests.HtmlAndUnicode_MatchGoEncodingJsonEscaping" computerName="SA" duration="00:00:00.0007988" startTime="2026-09-09T15:44:54.7173726+05:00" endTime="2026-09-09T15:44:54.7174899+05:00" testType="13cdc9d9-ddb5-4fa4-a97d-d965ccfc6d4b" outcome="Passed" testListId="8c84fa94-04c1-424b-9868-57a2d4851a1d" relativeResultsDirectory="3fdd5e75-1a09-42b1-a248-f0cbaa7f4277" />
    <UnitTestResult executionId="3d66147c-af81-49ea-9b09-423945e0ee51" testId="a73c5006-c1c7-7e84-4472-6d0fc8aea3a6" testName="Nyxveil.ControlPlane.UnitTests.MigrationDeployHardeningTests.TestMigration002SchemaVersionIsLast" computerName="SA" duration="00:00:00.0008858" startTime="2026-09-09T15:44:49.9814744+05:00" endTime="2026-09-09T15:44:49.9826544+05:00" testType="13cdc9d9-ddb5-4fa4-a97d-d965ccfc6d4b" outcome="Passed" testListId="8c84fa94-04c1-424b-9868-57a2d4851a1d" relativeResultsDirectory="3d66147c-af81-49ea-9b09-423945e0ee51" />
    <UnitTestResult executionId="81d947e6-fb44-4edf-8aad-76b1fa74f805" testId="e2a32832-96d6-e19f-8b11-d2be83c54568" testName="Nyxveil.ControlPlane.UnitTests.AcmeWizardServiceTests.Wizard_CreateOrder_VerifyDns_Finalize_Import_FakeProvider" computerName="SA" duration="00:00:00.1309033" startTime="2026-09-09T15:44:55.0438587+05:00" endTime="2026-09-09T15:44:55.1749108+05:00" testType="13cdc9d9-ddb5-4fa4-a97d-d965ccfc6d4b" outcome="Passed" testListId="8c84fa94-04c1-424b-9868-57a2d4851a1d" relativeResultsDirectory="81d947e6-fb44-4edf-8aad-76b1fa74f805" />
    <UnitTestResult executionId="c8171271-e5d8-41fc-846a-cf12e86944f5" testId="d9097f59-a55b-aa98-084f-b381e886acac" testName="Nyxveil.ControlPlane.UnitTests.NodeCentralManagementTests.TestTestRoleCannotSeeTestOnlyNode" computerName="SA" duration="00:00:00.0201979" startTime="2026-09-09T15:44:52.6415037+05:00" endTime="2026-09-09T15:44:52.6614166+05:00" testType="13cdc9d9-ddb5-4fa4-a97d-d965ccfc6d4b" outcome="Passed" testListId="8c84fa94-04c1-424b-9868-57a2d4851a1d" relativeResultsDirectory="c8171271-e5d8-41fc-846a-cf12e86944f5" />
    <UnitTestResult executionId="1cf6e86d-3483-4448-bfdf-de855ae93d61" testId="d7cfdbbd-0469-c964-ee71-76367c1aa405" testName="Nyxveil.ControlPlane.UnitTests.PreDeployGateTests.TestServiceCreatedBeforeServiceSidPermissionsGranted" computerName="SA" duration="00:00:00.0014882" startTime="2026-09-09T15:44:57.9191464+05:00" endTime="2026-09-09T15:44:57.9203921+05:00" testType="13cdc9d9-ddb5-4fa4-a97d-d965ccfc6d4b" outcome="Passed" testListId="8c84fa94-04c1-424b-9868-57a2d4851a1d" relativeResultsDirectory="1cf6e86d-3483-4448-bfdf-de855ae93d61" />
    <UnitTestResult executionId="d6377bf0-2834-4a87-a630-47a392fe0397" testId="c84ab246-191b-6f0b-0861-6c07932d04b0" testName="Nyxveil.ControlPlane.UnitTests.NodeCommandServiceTests.OperatorCanEnqueueRenewCertificate" computerName="SA" duration="00:00:00.0270979" startTime="2026-09-09T15:44:54.9247974+05:00" endTime="2026-09-09T15:44:54.9516683+05:00" testType="13cdc9d9-ddb5-4fa4-a97d-d965ccfc6d4b" outcome="Passed" testListId="8c84fa94-04c1-424b-9868-57a2d4851a1d" relativeResultsDirectory="d6377bf0-2834-4a87-a630-47a392fe0397" />
    <UnitTestResult executionId="ff4b575a-a038-4100-b945-a8811d575368" testId="45e13b24-c51e-c196-ef93-9db0355cb4b7" testName="Nyxveil.ControlPlane.UnitTests.SchemaAlignmentTests.TestDatabaseScriptMatchesEfModel" computerName="SA" duration="00:00:00.3076072" startTime="2026-09-09T15:44:47.8599351+05:00" endTime="2026-09-09T15:44:48.1656026+05:00" testType="13cdc9d9-ddb5-4fa4-a97d-d965ccfc6d4b" outcome="Passed" testListId="8c84fa94-04c1-424b-9868-57a2d4851a1d" relativeResultsDirectory="ff4b575a-a038-4100-b945-a8811d575368" />
    <UnitTestResult executionId="18280b45-46af-47f3-8bae-2719716713c0" testId="a32eb38f-9597-152a-225b-8a17ee161f05" testName="Nyxveil.ControlPlane.UnitTests.NodeCommandServiceTests.HeartbeatAppliesManagementFieldsWhenPresent" computerName="SA" duration="00:00:00.0187065" startTime="2026-09-09T15:44:54.9720546+05:00" endTime="2026-09-09T15:44:54.9896855+05:00" testType="13cdc9d9-ddb5-4fa4-a97d-d965ccfc6d4b" outcome="Passed" testListId="8c84fa94-04c1-424b-9868-57a2d4851a1d" relativeResultsDirectory="18280b45-46af-47f3-8bae-2719716713c0" />
    <UnitTestResult executionId="148e11fd-a502-4d28-aa90-873204a2d2d6" testId="bcb2bb0b-838d-4307-ecb8-0acf9b672ae6" testName="Nyxveil.ControlPlane.UnitTests.NodeCentralManagementTests.TestFutureNodeTimestampCannotKeepNodeOnline" computerName="SA" duration="00:00:00.0148086" startTime="2026-09-09T15:44:52.8642873+05:00" endTime="2026-09-09T15:44:52.8788648+05:00" testType="13cdc9d9-ddb5-4fa4-a97d-d965ccfc6d4b" outcome="Passed" testListId="8c84fa94-04c1-424b-9868-57a2d4851a1d" relativeResultsDirectory="148e11fd-a502-4d28-aa90-873204a2d2d6" />
    <UnitTestResult executionId="28f324b0-e13d-438f-8fb6-7713801e0e07" testId="879c6703-08a2-4320-d0da-9a2ffee8c317" testName="Nyxveil.ControlPlane.UnitTests.HttpsAndCertificateTests.TestMissingCertificateFailsProductionStartup" computerName="SA" duration="00:00:00.0033000" startTime="2026-09-09T15:44:51.1470598+05:00" endTime="2026-09-09T15:44:51.1500119+05:00" testType="13cdc9d9-ddb5-4fa4-a97d-d965ccfc6d4b" outcome="Passed" testListId="8c84fa94-04c1-424b-9868-57a2d4851a1d" relativeResultsDirectory="28f324b0-e13d-438f-8fb6-7713801e0e07" />
    <UnitTestResult executionId="61d4ef52-8162-4947-8e34-a95739fe1e13" testId="924d57fa-5962-5866-a9fb-78d62e1c9d0f" testName="Nyxveil.ControlPlane.UnitTests.StaleAdvertisementLifecycleTests.LocationChangeAttempt_IsRejected" computerName="SA" duration="00:00:00.0073964" startTime="2026-09-09T15:44:49.2017907+05:00" endTime="2026-09-09T15:44:49.2178173+05:00" testType="13cdc9d9-ddb5-4fa4-a97d-d965ccfc6d4b" outcome="Passed" testListId="8c84fa94-04c1-424b-9868-57a2d4851a1d" relativeResultsDirectory="61d4ef52-8162-4947-8e34-a95739fe1e13" />
    <UnitTestResult executionId="28210d07-91c8-4a49-8690-3ccb6215fb43" testId="b257d918-7d27-9791-b308-13e1c7411ffc" testName="Nyxveil.ControlPlane.UnitTests.StaleAdvertisementLifecycleTests.WrongPop_IsRejected" computerName="SA" duration="00:00:00.0511150" startTime="2026-09-09T15:44:49.1515937+05:00" endTime="2026-09-09T15:44:49.2013706+05:00" testType="13cdc9d9-ddb5-4fa4-a97d-d965ccfc6d4b" outcome="Passed" testListId="8c84fa94-04c1-424b-9868-57a2d4851a1d" relativeResultsDirectory="28210d07-91c8-4a49-8690-3ccb6215fb43" />
    <UnitTestResult executionId="ff91b701-29c7-4c27-a2af-724a13b1e3f3" testId="ca2c8fcd-8b61-0581-8e01-69ae94262f44" testName="Nyxveil.ControlPlane.UnitTests.StaleAdvertisementLifecycleTests.ExistingNodePopReregister_RefreshesAdvertisement_AndPreservesAdminFields" computerName="SA" duration="00:00:00.5271980" startTime="2026-09-09T15:44:48.6230726+05:00" endTime="2026-09-09T15:44:49.1499729+05:00" testType="13cdc9d9-ddb5-4fa4-a97d-d965ccfc6d4b" outcome="Passed" testListId="8c84fa94-04c1-424b-9868-57a2d4851a1d" relativeResultsDirectory="ff91b701-29c7-4c27-a2af-724a13b1e3f3" />
    <UnitTestResult executionId="3f5d434b-56f9-47be-832a-75e6de02f027" testId="9b76892a-e18d-8899-5e01-c6b9689eca34" testName="Nyxveil.ControlPlane.UnitTests.ControlPlaneServiceTests.TestExpiredLicenseRejected" computerName="SA" duration="00:00:00.0066718" startTime="2026-09-09T15:44:56.2419608+05:00" endTime="2026-09-09T15:44:56.2483716+05:00" testType="13cdc9d9-ddb5-4fa4-a97d-d965ccfc6d4b" outcome="Passed" testListId="8c84fa94-04c1-424b-9868-57a2d4851a1d" relativeResultsDirectory="3f5d434b-56f9-47be-832a-75e6de02f027" />
    <UnitTestResult executionId="d9d9568e-e7fa-4bd1-a0b8-8acf94a7490b" testId="d2f4649d-e4b4-feb0-3d57-a736e6d3fb00" testName="Nyxveil.ControlPlane.UnitTests.NodeCommandServiceTests.DuplicateCompleteIsIdempotentForSameOutcome" computerName="SA" duration="00:00:00.1078805" startTime="2026-09-09T15:44:54.7835084+05:00" endTime="2026-09-09T15:44:54.8910721+05:00" testType="13cdc9d9-ddb5-4fa4-a97d-d965ccfc6d4b" outcome="Passed" testListId="8c84fa94-04c1-424b-9868-57a2d4851a1d" relativeResultsDirectory="d9d9568e-e7fa-4bd1-a0b8-8acf94a7490b" />
    <UnitTestResult executionId="a142a68d-6954-4cfd-8a6f-4b35c5ec7ff4" testId="3fe7876f-3bff-0427-a9a3-1cd8d7172a98" testName="Nyxveil.ControlPlane.UnitTests.PreDeployGateTests.TestDatabaseNameValidation(name: &quot;bad;drop&quot;, expected: False)" computerName="SA" duration="00:00:00.0000301" startTime="2026-09-09T15:44:56.4945330+05:00" endTime="2026-09-09T15:44:56.4946720+05:00" testType="13cdc9d9-ddb5-4fa4-a97d-d965ccfc6d4b" outcome="Passed" testListId="8c84fa94-04c1-424b-9868-57a2d4851a1d" relativeResultsDirectory="a142a68d-6954-4cfd-8a6f-4b35c5ec7ff4" />
    <UnitTestResult executionId="b9a99408-d9b6-4881-95b3-16728283788b" testId="f63d282c-6c44-1ffd-4a6f-599e529795d5" testName="Nyxveil.ControlPlane.UnitTests.FrozenCoreInteropTests.TestHeartbeatWrongNodeRejected" computerName="SA" duration="00:00:00.0488759" startTime="2026-09-09T15:44:50.3684155+05:00" endTime="2026-09-09T15:44:50.4169822+05:00" testType="13cdc9d9-ddb5-4fa4-a97d-d965ccfc6d4b" outcome="Passed" testListId="8c84fa94-04c1-424b-9868-57a2d4851a1d" relativeResultsDirectory="b9a99408-d9b6-4881-95b3-16728283788b" />
    <UnitTestResult executionId="b34c1339-27ed-484a-a2d6-6be7286dc3b5" testId="8d16c4e6-3548-b5dc-79c8-654e3d64170b" testName="Nyxveil.ControlPlane.UnitTests.SigningKeyRotationTests.NewContentUsesNewCurrent" computerName="SA" duration="00:00:00.0686636" startTime="2026-09-09T15:44:49.8221412+05:00" endTime="2026-09-09T15:44:49.8895039+05:00" testType="13cdc9d9-ddb5-4fa4-a97d-d965ccfc6d4b" outcome="Passed" testListId="8c84fa94-04c1-424b-9868-57a2d4851a1d" relativeResultsDirectory="b34c1339-27ed-484a-a2d6-6be7286dc3b5" />
    <UnitTestResult executionId="1dd7e645-c523-4b14-953b-4c6a796dc486" testId="b4fe3db0-cc18-86c9-f4e0-5daf33245232" testName="Nyxveil.ControlPlane.UnitTests.MigrationDeployHardeningTests.TestProductionGateValidatesSchemaV4" computerName="SA" duration="00:00:00.0008485" startTime="2026-09-09T15:44:49.9735136+05:00" endTime="2026-09-09T15:44:49.9745790+05:00" testType="13cdc9d9-ddb5-4fa4-a97d-d965ccfc6d4b" outcome="Passed" testListId="8c84fa94-04c1-424b-9868-57a2d4851a1d" relativeResultsDirectory="1dd7e645-c523-4b14-953b-4c6a796dc486" />
    <UnitTestResult executionId="a7acfcbc-a228-40df-a810-6f11bdc5f3e2" testId="3c93bb69-8d19-d8fb-dbe4-73d36e5e8779" testName="Nyxveil.ControlPlane.UnitTests.NodeReregisterCatalogTests.TestCatalogSignatureValidAfterNodeMetadataUpdate" computerName="SA" duration="00:00:00.0218237" startTime="2026-09-09T15:44:56.5045813+05:00" endTime="2026-09-09T15:44:56.5250539+05:00" testType="13cdc9d9-ddb5-4fa4-a97d-d965ccfc6d4b" outcome="Passed" testListId="8c84fa94-04c1-424b-9868-57a2d4851a1d" relativeResultsDirectory="a7acfcbc-a228-40df-a810-6f11bdc5f3e2" />
    <UnitTestResult executionId="89c19ed9-4116-47d9-a0b4-5dec07e5e91a" testId="335e56a9-d827-d99b-b32b-6a30471f2a05" testName="Nyxveil.ControlPlane.UnitTests.CatalogCanonicalCrossLanguageTests.GoFloatFormatting_MatchesFrozenCore(value: 0, expected: &quot;0&quot;)" computerName="SA" duration="00:00:00.0000053" startTime="2026-09-09T15:44:54.7067004+05:00" endTime="2026-09-09T15:44:54.7068170+05:00" testType="13cdc9d9-ddb5-4fa4-a97d-d965ccfc6d4b" outcome="Passed" testListId="8c84fa94-04c1-424b-9868-57a2d4851a1d" relativeResultsDirectory="89c19ed9-4116-47d9-a0b4-5dec07e5e91a" />
    <UnitTestResult executionId="32f6aa60-6c06-4d00-aed4-345e770e80a8" testId="900fcf3a-1b54-554a-895d-787d57b77f1f" testName="Nyxveil.ControlPlane.UnitTests.NodeCentralManagementTests.TestAdminCapacityIsReturnedToNodeConfig" computerName="SA" duration="00:00:00.0092888" startTime="2026-09-09T15:44:52.9545933+05:00" endTime="2026-09-09T15:44:52.9638541+05:00" testType="13cdc9d9-ddb5-4fa4-a97d-d965ccfc6d4b" outcome="Passed" testListId="8c84fa94-04c1-424b-9868-57a2d4851a1d" relativeResultsDirectory="32f6aa60-6c06-4d00-aed4-345e770e80a8" />
    <UnitTestResult executionId="1ed97836-c6e1-426c-afee-0d2b2ea552f2" testId="5bda3687-59c3-53d0-a372-35b71ddd17bd" testName="Nyxveil.ControlPlane.UnitTests.NodeCommandServiceTests.ReadOnlyCannotEnqueue" computerName="SA" duration="00:00:00.0129881" startTime="2026-09-09T15:44:54.9900411+05:00" endTime="2026-09-09T15:44:55.0027569+05:00" testType="13cdc9d9-ddb5-4fa4-a97d-d965ccfc6d4b" outcome="Passed" testListId="8c84fa94-04c1-424b-9868-57a2d4851a1d" relativeResultsDirectory="1ed97836-c6e1-426c-afee-0d2b2ea552f2" />
    <UnitTestResult executionId="14aad780-3bfc-47ef-ae14-a7e333f3bf1a" testId="578e729b-96e6-3935-41e0-a679217c313b" testName="Nyxveil.ControlPlane.UnitTests.ControlPlaneServiceTests.TestRevokedDeviceRejected" computerName="SA" duration="00:00:00.0103427" startTime="2026-09-09T15:44:56.3077296+05:00" endTime="2026-09-09T15:44:56.3178112+05:00" testType="13cdc9d9-ddb5-4fa4-a97d-d965ccfc6d4b" outcome="Passed" testListId="8c84fa94-04c1-424b-9868-57a2d4851a1d" relativeResultsDirectory="14aad780-3bfc-47ef-ae14-a7e333f3bf1a" />
    <UnitTestResult executionId="2a0f179c-5c99-4a58-b87e-ecc0772016bf" testId="2e0dbb59-1f79-e798-9c15-41c314dde389" testName="Nyxveil.ControlPlane.UnitTests.TlsConfigureTests.TestTlsConfigureDoesNotBindForbiddenPorts(forbidden: 80)" computerName="SA" duration="00:00:00.0132926" startTime="2026-09-09T15:44:49.4583640+05:00" endTime="2026-09-09T15:44:49.4713732+05:00" testType="13cdc9d9-ddb5-4fa4-a97d-d965ccfc6d4b" outcome="Passed" testListId="8c84fa94-04c1-424b-9868-57a2d4851a1d" relativeResultsDirectory="2a0f179c-5c99-4a58-b87e-ecc0772016bf" />
    <UnitTestResult executionId="c53af8e1-999d-4ba3-b4a6-d0e62599e65a" testId="fe5fa781-4e00-65d7-1a17-a37f62fcb53d" testName="Nyxveil.ControlPlane.UnitTests.FrozenCoreInteropTests.TestTestRoleCannotSeeTestNodes" computerName="SA" duration="00:00:00.0547559" startTime="2026-09-09T15:44:50.8107464+05:00" endTime="2026-09-09T15:44:50.8637386+05:00" testType="13cdc9d9-ddb5-4fa4-a97d-d965ccfc6d4b" outcome="Passed" testListId="8c84fa94-04c1-424b-9868-57a2d4851a1d" relativeResultsDirectory="c53af8e1-999d-4ba3-b4a6-d0e62599e65a" />
[...]
    <TestEntry testId="12e829a1-39d6-6017-0262-074177a0ae63" executionId="9ce04f9f-49a2-481a-a0c2-1d79d5d243a3" testListId="8c84fa94-04c1-424b-9868-57a2d4851a1d" />
    <TestEntry testId="f2e706f0-6b2c-67af-0dd1-f257a44371d9" executionId="c6a01fdd-df7e-405b-bb12-81ea943f78e4" testListId="8c84fa94-04c1-424b-9868-57a2d4851a1d" />
    <TestEntry testId="345db015-b1f1-b3f8-fbc5-c7accee593f1" executionId="d8601547-93a7-401e-a6f0-39ce83392bc8" testListId="8c84fa94-04c1-424b-9868-57a2d4851a1d" />
    <TestEntry testId="412913af-ee83-1a1c-8f2f-aa6701b82091" executionId="5ceab32a-7986-4c63-830c-8b6252686b28" testListId="8c84fa94-04c1-424b-9868-57a2d4851a1d" />
    <TestEntry testId="3cbf218a-e575-b816-8202-e0ff0974a45a" executionId="627dce52-b972-4b1f-9501-e0009b047598" testListId="8c84fa94-04c1-424b-9868-57a2d4851a1d" />
    <TestEntry testId="1639bd6f-ad30-36bf-4e4e-531ebe3f3e9e" executionId="4e29b144-323e-4c7f-8b8b-5eeadbf408bf" testListId="8c84fa94-04c1-424b-9868-57a2d4851a1d" />
    <TestEntry testId="d66f549e-5b0c-626e-e9a7-e42031eda139" executionId="256f9965-2825-460a-80d2-5b18a0e1f72f" testListId="8c84fa94-04c1-424b-9868-57a2d4851a1d" />
    <TestEntry testId="60ecd496-51c3-d195-5159-9bf84d5ab849" executionId="294b0dfb-38c1-4aaf-9462-344a27cf261b" testListId="8c84fa94-04c1-424b-9868-57a2d4851a1d" />
    <TestEntry testId="9f88cb04-0bf6-42c0-10d8-f34cc186e0d9" executionId="9dc3096c-a5a9-4ae1-ad63-0a2615372560" testListId="8c84fa94-04c1-424b-9868-57a2d4851a1d" />
    <TestEntry testId="c2cf48cb-7a57-e4a0-dc2b-3e9ff6d12d10" executionId="5f96fd78-d34e-498b-ae1b-f4372b516d3f" testListId="8c84fa94-04c1-424b-9868-57a2d4851a1d" />
    <TestEntry testId="52f3ebee-a214-331f-4e07-a62dc74d0af7" executionId="679db552-300d-4bc2-8aac-21db9719f973" testListId="8c84fa94-04c1-424b-9868-57a2d4851a1d" />
    <TestEntry testId="e12578f9-c518-c0a7-3ea7-11489682dc19" executionId="4ebc7589-4d80-4b24-a157-172dbb963560" testListId="8c84fa94-04c1-424b-9868-57a2d4851a1d" />
    <TestEntry testId="4af06e1c-3b67-7d65-373c-c910b9c8a4a2" executionId="ff099826-6cd5-4d79-9294-0a6c4371429a" testListId="8c84fa94-04c1-424b-9868-57a2d4851a1d" />
    <TestEntry testId="39c37c16-d2d0-1d90-39a9-ee07ef81e980" executionId="87a078ad-0c1d-4e7d-b7ff-89084b73a3aa" testListId="8c84fa94-04c1-424b-9868-57a2d4851a1d" />
    <TestEntry testId="11ef1fe9-b364-adcf-531a-2289f4b71e1f" executionId="191f3d8b-d6a6-4081-bfae-a6e9d0ac32d7" testListId="8c84fa94-04c1-424b-9868-57a2d4851a1d" />
    <TestEntry testId="29b9cc3d-0e68-dc23-abc6-6058a11be036" executionId="2fe2edc5-68ba-49a8-8f8c-f05b1e084db8" testListId="8c84fa94-04c1-424b-9868-57a2d4851a1d" />
    <TestEntry testId="3790be7f-f487-c471-162c-3e586e3934c2" executionId="21bd586f-99cd-4044-b2f5-394f2a580d7b" testListId="8c84fa94-04c1-424b-9868-57a2d4851a1d" />
    <TestEntry testId="7cdc5ddc-332e-8203-92b8-7ecd95215baf" executionId="5ec95d0f-ab21-4dbd-9bb3-ee28c8b3ded2" testListId="8c84fa94-04c1-424b-9868-57a2d4851a1d" />
    <TestEntry testId="acf7a812-1d70-0e3d-4da4-bc6e62cb2be1" executionId="ca8a3cba-1ffa-4d28-9950-27a94c24e650" testListId="8c84fa94-04c1-424b-9868-57a2d4851a1d" />
    <TestEntry testId="afc15721-b305-534d-4b76-8f79a3d9fe71" executionId="1cec5c13-4d38-4e16-8c00-a5310dee10ea" testListId="8c84fa94-04c1-424b-9868-57a2d4851a1d" />
    <TestEntry testId="946c0101-5de4-7ee3-504e-d10be1cbe56b" executionId="c88e0f80-5c49-4b04-8ea9-86168a388413" testListId="8c84fa94-04c1-424b-9868-57a2d4851a1d" />
    <TestEntry testId="96e0a49b-474c-04db-f59d-ea96ba68d20d" executionId="c2710664-495e-4177-a681-b89d38a1bbcf" testListId="8c84fa94-04c1-424b-9868-57a2d4851a1d" />
    <TestEntry testId="41512d79-052f-df21-9fd9-b7d1e2fc96bc" executionId="1c883e13-5406-4bab-b3e6-8da44e5435c8" testListId="8c84fa94-04c1-424b-9868-57a2d4851a1d" />
    <TestEntry testId="ffcaa4e2-2ed4-996d-7cdf-48d658eb712c" executionId="100ea6b8-10e6-48a8-a159-9c4f9b81aac5" testListId="8c84fa94-04c1-424b-9868-57a2d4851a1d" />
    <TestEntry testId="4a890c44-8647-8ec4-35a9-67647340f23b" executionId="2f7e11e8-ceb3-433e-8634-7b1fb6b35ec7" testListId="8c84fa94-04c1-424b-9868-57a2d4851a1d" />
    <TestEntry testId="61d2425c-c12b-21c0-fd5f-8f05b8842632" executionId="e52c1e1c-c914-46ac-8fcb-54748ce9b297" testListId="8c84fa94-04c1-424b-9868-57a2d4851a1d" />
    <TestEntry testId="27b34db0-87c7-7ac1-d061-e02135bd5c79" executionId="2f57183c-8877-4983-9f28-4a27c07de97e" testListId="8c84fa94-04c1-424b-9868-57a2d4851a1d" />
    <TestEntry testId="36860fd9-f2bd-9ce7-132d-b3f3326d3b71" executionId="f8797257-531b-4ed1-b0f1-21cc5221ce5b" testListId="8c84fa94-04c1-424b-9868-57a2d4851a1d" />
    <TestEntry testId="e29373ca-5c7f-1ffc-c90f-7bd8ecca9c04" executionId="a71488d0-b436-4b15-8415-378ea1e27308" testListId="8c84fa94-04c1-424b-9868-57a2d4851a1d" />
    <TestEntry testId="894a940b-7d5a-0c5f-5e2c-cc70008792eb" executionId="9a0dbb69-56a7-44db-8985-1cc7f85cf9b0" testListId="8c84fa94-04c1-424b-9868-57a2d4851a1d" />
    <TestEntry testId="2649adf0-02a7-de2d-5ca7-ee655c52d41e" executionId="236681c8-05f5-4c00-94d9-97e437d2ce1c" testListId="8c84fa94-04c1-424b-9868-57a2d4851a1d" />
    <TestEntry testId="81ea3d48-0bba-ef5a-e4f2-714cb974668d" executionId="27ab712e-dcd9-48c3-942a-f4118edbbd3f" testListId="8c84fa94-04c1-424b-9868-57a2d4851a1d" />
    <TestEntry testId="e2a48582-9e73-d891-c925-fa3e67f244c6" executionId="60750ecc-3ade-4570-b8c5-7bfd52499155" testListId="8c84fa94-04c1-424b-9868-57a2d4851a1d" />
    <TestEntry testId="c8487f28-8907-326b-ef81-640652408fd7" executionId="2b8e8b81-444c-4f78-835e-fd6b4f7e036a" testListId="8c84fa94-04c1-424b-9868-57a2d4851a1d" />
    <TestEntry testId="6d1d3946-32f0-89ac-4cd9-33f2d4bb74a7" executionId="46ccab36-9334-4873-a4e3-7dcfd8adcfc4" testListId="8c84fa94-04c1-424b-9868-57a2d4851a1d" />
    <TestEntry testId="65c73b17-ba01-d769-cac9-7059112c6884" executionId="82159e4d-30d4-475c-9cc5-554536baa262" testListId="8c84fa94-04c1-424b-9868-57a2d4851a1d" />
    <TestEntry testId="6b345fd2-b5b7-2b8b-6c89-2e6eb4689d45" executionId="2157bb3d-9b80-4c5f-a000-b027294d43cc" testListId="8c84fa94-04c1-424b-9868-57a2d4851a1d" />
    <TestEntry testId="0cc36288-2c49-8d62-c1cd-7e97cf961029" executionId="a1f0cb2d-3f9f-44ee-aa94-708081eecdd9" testListId="8c84fa94-04c1-424b-9868-57a2d4851a1d" />
    <TestEntry testId="6b7adce7-9531-21f4-a51d-d3bb2d1bc56f" executionId="dced80b8-b7af-4b7d-9182-d593050e05a5" testListId="8c84fa94-04c1-424b-9868-57a2d4851a1d" />
    <TestEntry testId="1572246c-2677-9998-b790-de928dbf92d0" executionId="f7aba178-8fda-47af-a782-badf69f60b1e" testListId="8c84fa94-04c1-424b-9868-57a2d4851a1d" />
    <TestEntry testId="21f2f0ea-a033-38ce-e9d3-4619ad050317" executionId="de8c1fae-d70a-4feb-a1ec-8d019ce4e34f" testListId="8c84fa94-04c1-424b-9868-57a2d4851a1d" />
    <TestEntry testId="c85b0c1d-c2a3-828e-63fe-dc4c80e19c7a" executionId="f99d0325-f353-4f86-9a39-feb460b96c7b" testListId="8c84fa94-04c1-424b-9868-57a2d4851a1d" />
    <TestEntry testId="1746a746-91e1-3e4b-698c-eaa61fb739e0" executionId="857819d2-5011-4abd-a272-72abeed1da55" testListId="8c84fa94-04c1-424b-9868-57a2d4851a1d" />
    <TestEntry testId="4123621d-d946-6846-9104-6c29ecc13951" executionId="e8290c3d-bcb2-4d47-820d-67a272045917" testListId="8c84fa94-04c1-424b-9868-57a2d4851a1d" />
    <TestEntry testId="8f3492cc-3fde-efd3-aa66-05f501b33ab7" executionId="70874e21-8bba-4aa0-8630-0210409fca68" testListId="8c84fa94-04c1-424b-9868-57a2d4851a1d" />
    <TestEntry testId="6039cb97-1386-2136-fc4d-25657f6033a6" executionId="0e3a9333-1fd6-45ef-a102-11d94f34c780" testListId="8c84fa94-04c1-424b-9868-57a2d4851a1d" />
    <TestEntry testId="ac793ac9-9279-121d-5a3f-ab98cabdb40b" executionId="096f3ed3-9b8a-4425-b4f6-0b474c46fffa" testListId="8c84fa94-04c1-424b-9868-57a2d4851a1d" />
    <TestEntry testId="3a3dca8e-4e1a-f92b-fc62-54497622f8e2" executionId="4b7932b8-160b-48d1-827e-c0561b848601" testListId="8c84fa94-04c1-424b-9868-57a2d4851a1d" />
    <TestEntry testId="34b4a937-1859-cdd5-abfe-c3d218008fad" executionId="0a6c2e03-18bf-470c-b75f-78c38c16a42f" testListId="8c84fa94-04c1-424b-9868-57a2d4851a1d" />
    <TestEntry testId="390d82df-b394-4872-d85a-b26a7c33341b" executionId="bf0ae331-637d-43c9-8f30-36348456b783" testListId="8c84fa94-04c1-424b-9868-57a2d4851a1d" />
    <TestEntry testId="253fb1d3-0afd-bce8-861a-23355d8feaf9" executionId="17adce9c-85be-4f92-993b-52d704eb18b4" testListId="8c84fa94-04c1-424b-9868-57a2d4851a1d" />
    <TestEntry testId="add0364c-a0db-6e84-2b08-23aeec146189" executionId="697b660a-4035-42d8-bf8f-c91579b506c6" testListId="8c84fa94-04c1-424b-9868-57a2d4851a1d" />
    <TestEntry testId="80974c96-667b-47f2-32aa-30b3c8913fe9" executionId="3481dea0-0203-4d3c-b468-2e3faaae9c14" testListId="8c84fa94-04c1-424b-9868-57a2d4851a1d" />
    <TestEntry testId="33583c7f-d2ba-0b60-980f-c1377ddf142b" executionId="3cae9b2f-786e-4d07-b63f-f9f683c3fb0b" testListId="8c84fa94-04c1-424b-9868-57a2d4851a1d" />
    <TestEntry testId="4aa51fc9-8945-27ba-a403-ab52be94c782" executionId="9f6b817d-023c-4580-bcfa-f1fa9070363d" testListId="8c84fa94-04c1-424b-9868-57a2d4851a1d" />
    <TestEntry testId="08f0b23d-b214-22e4-90a7-2d5a2a57eb90" executionId="6d8c7205-e5a1-4d7b-99e9-24ecd0d36790" testListId="8c84fa94-04c1-424b-9868-57a2d4851a1d" />
    <TestEntry testId="9548019e-bcde-265b-486d-ad33af691d03" executionId="67861c8a-18df-4995-a0d2-e3e752f5417a" testListId="8c84fa94-04c1-424b-9868-57a2d4851a1d" />
    <TestEntry testId="898ada7c-57b6-863c-a301-edc12d5e34e8" executionId="bac8d32d-421f-4127-8c04-0e9614eee390" testListId="8c84fa94-04c1-424b-9868-57a2d4851a1d" />
    <TestEntry testId="ef7932df-19e8-06e3-2214-ab6842b61fd4" executionId="d8c2af2b-92ce-46ab-ae56-6755df9ba66e" testListId="8c84fa94-04c1-424b-9868-57a2d4851a1d" />
    <TestEntry testId="07477f06-5a90-4d09-cdea-0a0ebba1f404" executionId="69a59541-4cb2-4276-bd05-f62e7ae4a7df" testListId="8c84fa94-04c1-424b-9868-57a2d4851a1d" />
    <TestEntry testId="b31595dc-b798-9d3a-c8f6-c1ef0d82421c" executionId="70f990b2-84b2-44eb-8f74-dd3e3c65daf4" testListId="8c84fa94-04c1-424b-9868-57a2d4851a1d" />
    <TestEntry testId="c4b44b27-e3f8-cb4b-e7cd-36df33aa6b57" executionId="6eb083fa-f2d7-4c12-b66c-9b6208efe70d" testListId="8c84fa94-04c1-424b-9868-57a2d4851a1d" />
    <TestEntry testId="9ae8db1c-ebfe-e9e5-30a5-b159f86a7239" executionId="5e8364a2-5571-4f9f-9c71-c24515883fe4" testListId="8c84fa94-04c1-424b-9868-57a2d4851a1d" />
    <TestEntry testId="3dc7c3e5-9ab7-b45a-b315-fba83d3a3a0a" executionId="5655da04-87b6-4470-8aec-23dea1a95bbf" testListId="8c84fa94-04c1-424b-9868-57a2d4851a1d" />
    <TestEntry testId="73ec3304-f2ff-a960-5f11-a71a97abb93f" executionId="5808bea4-57a4-4509-a317-bf0f81a3bf9f" testListId="8c84fa94-04c1-424b-9868-57a2d4851a1d" />
    <TestEntry testId="6d571baa-1ccd-3cfc-e064-1da8e08f692e" executionId="a0cce577-50cc-4415-a668-b2e327d6aab1" testListId="8c84fa94-04c1-424b-9868-57a2d4851a1d" />
    <TestEntry testId="079fb0fa-4804-4df4-50e1-80990b093b60" executionId="63698995-42ec-46f7-b36f-9e04a6e3edc7" testListId="8c84fa94-04c1-424b-9868-57a2d4851a1d" />
    <TestEntry testId="6f5baa13-fbfc-816b-eb5f-0184b091d226" executionId="61b451ad-b83b-41c9-bbbc-556f1608955a" testListId="8c84fa94-04c1-424b-9868-57a2d4851a1d" />
    <TestEntry testId="a14408cd-647d-d923-9f8d-4f436525fb42" executionId="fb7b6b4f-1aa3-4761-835c-873920247a13" testListId="8c84fa94-04c1-424b-9868-57a2d4851a1d" />
    <TestEntry testId="6e1dc7ba-9271-022e-bfd6-99ef383405cd" executionId="69e48a61-815e-41fc-9411-dfdb2599e908" testListId="8c84fa94-04c1-424b-9868-57a2d4851a1d" />
    <TestEntry testId="7b364029-bfe0-7ff5-82a3-4979a42a7385" executionId="f2685924-3a3a-4c78-9e65-e2a68c161459" testListId="8c84fa94-04c1-424b-9868-57a2d4851a1d" />
    <TestEntry testId="41a1adcf-57aa-3b9f-5272-2a2255ed0503" executionId="f9eaca0f-51cd-4590-90a5-f693c41bee4c" testListId="8c84fa94-04c1-424b-9868-57a2d4851a1d" />
    <TestEntry testId="adff1a58-3344-568f-fdae-4ba1076efa51" executionId="fa73a6a5-d554-4ada-8d26-3a2147801866" testListId="8c84fa94-04c1-424b-9868-57a2d4851a1d" />
    <TestEntry testId="2d30332e-f5c9-ea1b-1b36-f2fdafec223e" executionId="4c06b7af-f7d4-4d3b-9518-25e306acb8b0" testListId="8c84fa94-04c1-424b-9868-57a2d4851a1d" />
    <TestEntry testId="8540d4a5-a217-aed3-4c15-d372321698bb" executionId="f9afb0cf-397a-44f5-be2f-1f59ca685d32" testListId="8c84fa94-04c1-424b-9868-57a2d4851a1d" />
    <TestEntry testId="6948f70c-efa8-65c5-0c5f-7c5d26d0a336" executionId="ceb28616-c7e8-4dcb-8547-9ffcd7e4da20" testListId="8c84fa94-04c1-424b-9868-57a2d4851a1d" />
    <TestEntry testId="af28ac0c-1923-b5e7-f130-f02c9121b57c" executionId="0f91e9be-04ad-4ec4-9c6b-b3b4da163317" testListId="8c84fa94-04c1-424b-9868-57a2d4851a1d" />
    <TestEntry testId="dfde2ddd-9017-5a3f-660d-a8f67a6369de" executionId="51471bc2-0a5c-4388-92ce-ba89dd9b1019" testListId="8c84fa94-04c1-424b-9868-57a2d4851a1d" />
    <TestEntry testId="d054e395-4faf-e807-2af1-8379855dbfe1" executionId="685cc3cd-59ef-4f29-beaf-058ab5ef2a55" testListId="8c84fa94-04c1-424b-9868-57a2d4851a1d" />
    <TestEntry testId="29fee7d0-13d1-6051-23fa-adcda2172764" executionId="84379907-4a68-4cef-9495-63b8b9e4dcab" testListId="8c84fa94-04c1-424b-9868-57a2d4851a1d" />
    <TestEntry testId="47cc6c3f-63cd-46c7-54a1-ac8f9d2ee524" executionId="435a0b76-5f65-49cb-bcdd-cf29a5ff3c94" testListId="8c84fa94-04c1-424b-9868-57a2d4851a1d" />
    <TestEntry testId="a41b5175-447a-62a7-f37b-7926e213f9c3" executionId="371126e5-5255-4f56-8282-a5d31d3d9274" testListId="8c84fa94-04c1-424b-9868-57a2d4851a1d" />
    <TestEntry testId="109a195c-6d6b-9dcc-9806-b46d7933f6be" executionId="de89f0e2-9f58-4fe5-bfdf-a83f99387345" testListId="8c84fa94-04c1-424b-9868-57a2d4851a1d" />
    <TestEntry testId="509a8c80-ff23-e378-0d6c-40ffe4e79157" executionId="c3bd5148-1e4d-4487-ab81-04b693e0a174" testListId="8c84fa94-04c1-424b-9868-57a2d4851a1d" />
    <TestEntry testId="eb5173ad-2fee-c626-03cf-5812ef20ec54" executionId="8a8db2ac-f856-4158-ab9d-119bc0594a85" testListId="8c84fa94-04c1-424b-9868-57a2d4851a1d" />
    <TestEntry testId="20581705-b050-fc34-01da-893351d5bd86" executionId="01b4bba6-09d5-4830-9215-250757b721bd" testListId="8c84fa94-04c1-424b-9868-57a2d4851a1d" />
    <TestEntry testId="50afb4c2-f448-d2f2-fba6-cc572658ce98" executionId="c28d3b80-6a7a-415a-be74-5ca61e10ed07" testListId="8c84fa94-04c1-424b-9868-57a2d4851a1d" />
    <TestEntry testId="f1745468-b470-12df-b422-3a4d4d411798" executionId="b012b27d-8532-4235-b43d-cb89b8bff0c9" testListId="8c84fa94-04c1-424b-9868-57a2d4851a1d" />
    <TestEntry testId="0f9bd49b-beb8-174e-eedc-9ede58b3c691" executionId="4a3daf6a-ab59-4d76-930d-3ee525a55eb5" testListId="8c84fa94-04c1-424b-9868-57a2d4851a1d" />
    <TestEntry testId="0b057f11-56fd-dd18-6d86-cb48c4f85954" executionId="489408c2-028c-426f-9db3-8aaa7d86753a" testListId="8c84fa94-04c1-424b-9868-57a2d4851a1d" />
    <TestEntry testId="d36659bd-f692-8c0a-7279-d1785d200d7d" executionId="8b9130d8-b1fe-4cae-9675-9acdd8f9de97" testListId="8c84fa94-04c1-424b-9868-57a2d4851a1d" />
    <TestEntry testId="f8ae6bd3-2711-1678-91b2-8de0ca475cb0" executionId="72afc9e4-3ab8-4fc2-be62-aae9bca51b12" testListId="8c84fa94-04c1-424b-9868-57a2d4851a1d" />
    <TestEntry testId="c8ce647f-2078-6141-a998-a86a238b3e4c" executionId="c3f5dc93-b04b-41cc-94e1-d881c1d8186f" testListId="8c84fa94-04c1-424b-9868-57a2d4851a1d" />
    <TestEntry testId="89af52ab-79d8-d382-ea09-03edb6b18c46" executionId="bdea2056-92b4-46f2-901f-f1212e4e8a68" testListId="8c84fa94-04c1-424b-9868-57a2d4851a1d" />
    <TestEntry testId="084a8ec4-29bf-f126-cd11-ed418627b811" executionId="f4a85c8f-89fd-4751-82e5-c0afec0746e6" testListId="8c84fa94-04c1-424b-9868-57a2d4851a1d" />
    <TestEntry testId="66f99138-03c1-b9b2-5bee-2d86afa32226" executionId="98d4fb23-847f-4290-adcf-67a8ff2d1d71" testListId="8c84fa94-04c1-424b-9868-57a2d4851a1d" />
    <TestEntry testId="7b56cdf6-b478-0437-e035-db408e832490" executionId="2ccc1ebf-c62c-4760-955a-8192d7cd52eb" testListId="8c84fa94-04c1-424b-9868-57a2d4851a1d" />
    <TestEntry testId="031a6a76-aa5f-0153-2e1e-aaef22db9299" executionId="2951a3fa-f734-4c47-9598-531820ecada0" testListId="8c84fa94-04c1-424b-9868-57a2d4851a1d" />
    <TestEntry testId="19e19029-1970-fb31-7292-b18204cbaa3f" executionId="60b1582f-8a4d-42dd-87bc-7df9674d339f" testListId="8c84fa94-04c1-424b-9868-57a2d4851a1d" />
    <TestEntry testId="ef3dcdb1-35b5-4779-e5a1-d567b2b9a262" executionId="e52f30f0-5523-472a-ab16-7f8b806b056f" testListId="8c84fa94-04c1-424b-9868-57a2d4851a1d" />
    <TestEntry testId="508d5513-f8da-d49c-e0c4-663391b45957" executionId="d8adb77d-416c-42fa-8c89-137f870aea7c" testListId="8c84fa94-04c1-424b-9868-57a2d4851a1d" />
    <TestEntry testId="68fcb4be-769b-e77c-b2ef-52148fc8f8d8" executionId="fdbfdfe1-be6a-483a-a5e0-899a458e5128" testListId="8c84fa94-04c1-424b-9868-57a2d4851a1d" />
    <TestEntry testId="a09e14e2-86ef-e38c-b34b-7181f45d3af5" executionId="52a81fc5-dbbe-4444-b8b3-873d69fc8754" testListId="8c84fa94-04c1-424b-9868-57a2d4851a1d" />
    <TestEntry testId="d133cd41-e66d-fb05-cd3d-1ffa73a5b827" executionId="e7402ea1-da31-4f11-878e-415c1b1ee8b4" testListId="8c84fa94-04c1-424b-9868-57a2d4851a1d" />
    <TestEntry testId="f4814d7d-7c21-d541-43c6-90cb7643f0fe" executionId="0067b207-9473-45b8-bd3a-444ac9a39228" testListId="8c84fa94-04c1-424b-9868-57a2d4851a1d" />
    <TestEntry testId="89d423f3-ca66-8c2f-924a-5219c154f998" executionId="add255d2-8f43-40fe-b362-c202c1bac9ef" testListId="8c84fa94-04c1-424b-9868-57a2d4851a1d" />
    <TestEntry testId="57f406e9-46bb-81d4-c743-4d59352ccd13" executionId="19fa2ff4-c0a3-4f6f-b5e7-5583f5b59fcf" testListId="8c84fa94-04c1-424b-9868-57a2d4851a1d" />
    <TestEntry testId="380c3549-c97a-4451-3e25-08514d161f22" executionId="187ad488-3822-4d86-be23-c529f5e54c3f" testListId="8c84fa94-04c1-424b-9868-57a2d4851a1d" />
    <TestEntry testId="2fb3b42b-b5ea-1ea8-680e-5249dc59c17a" executionId="21a2860b-7534-4670-92cb-e4e1e1421183" testListId="8c84fa94-04c1-424b-9868-57a2d4851a1d" />
    <TestEntry testId="5403c239-fbda-9c31-2454-c8515ed7a0c5" executionId="2a0b0abf-2c4c-4fcd-ad22-b0e913e7fe6e" testListId="8c84fa94-04c1-424b-9868-57a2d4851a1d" />
    <TestEntry testId="9b1b7acb-9108-aa71-e80a-fa5f048faf9c" executionId="76d2a165-d1d7-4195-a49e-f9a8280db01f" testListId="8c84fa94-04c1-424b-9868-57a2d4851a1d" />
    <TestEntry testId="38ed8623-032e-aeec-b6cd-14692fa94d3d" executionId="9cb0f8cf-86c2-4bcc-aee3-5330fe4cd868" testListId="8c84fa94-04c1-424b-9868-57a2d4851a1d" />
    <TestEntry testId="0e33b7c9-4949-0b4d-df31-bd02eeb15e31" executionId="f91b9b53-5aa2-4fd6-9dfb-1035994ceb7a" testListId="8c84fa94-04c1-424b-9868-57a2d4851a1d" />
    <TestEntry testId="433bd9c5-458e-a115-1b69-73c2f3fc6a37" executionId="430e2e62-7401-48bf-a4c5-deb0f47e1a50" testListId="8c84fa94-04c1-424b-9868-57a2d4851a1d" />
    <TestEntry testId="63941539-e005-7bbd-eb6a-6f11b4ea8e55" executionId="87d64bef-a266-4b2d-bb66-7336841c8fa9" testListId="8c84fa94-04c1-424b-9868-57a2d4851a1d" />
  </TestEntries>
  <TestLists>
    <TestList name="Список результатов" id="8c84fa94-04c1-424b-9868-57a2d4851a1d" />
    <TestList name="Все загруженные результаты" id="19431567-8539-422a-85d7-44ee4e166bda" />
  </TestLists>
  <ResultSummary outcome="Completed">
    <Counters total="323" executed="323" passed="323" failed="0" error="0" timeout="0" aborted="0" inconclusive="0" passedButRunAborted="0" notRunnable="0" notExecuted="0" disconnected="0" warning="0" completed="0" inProgress="0" pending="0" />
    <Output>
      <StdOut>[xUnit.net 00:00:00.00] xUnit.net VSTest Adapter v3.1.4+50e68bbb8b (64-bit .NET 10.0.11)&#xD;
[xUnit.net 00:00:00.67]   Discovering: Nyxveil.ControlPlane.UnitTests&#xD;
[xUnit.net 00:00:00.94]   Discovered:  Nyxveil.ControlPlane.UnitTests&#xD;
[xUnit.net 00:00:01.17]   Starting:    Nyxveil.ControlPlane.UnitTests&#xD;
[xUnit.net 00:00:17.22]   Finished:    Nyxveil.ControlPlane.UnitTests&#xD;
</StdOut>
    </Output>
  </ResultSummary>
</TestRun>